[ 2017-11-09T09:19:32+08:00 ] ::1 /saide/admin.php
INFO: [ app_init ] --START--
INFO: Run Behavior\BuildLiteBehavior [ RunTime:0.000000s ]
INFO: [ app_init ] --END-- [ RunTime:0.001000s ]
INFO: [ app_begin ] --START--
INFO: Run Behavior\ReadHtmlCacheBehavior [ RunTime:0.000000s ]
INFO: [ app_begin ] --END-- [ RunTime:0.000000s ]
SQL: SHOW COLUMNS FROM `admin_name` [ RunTime:0.1190s ]
SQL: SHOW COLUMNS FROM `admin_user` [ RunTime:0.1490s ]
SQL: SELECT * FROM `admin_name` WHERE `name` = null LIMIT 1   [ RunTime:0.0010s ]
SQL: SELECT * FROM `admin_user` WHERE `name` = null LIMIT 1   [ RunTime:0.0010s ]
INFO: [ view_parse ] --START--
INFO: [ template_filter ] --START--
INFO: Run Behavior\ContentReplaceBehavior [ RunTime:0.000000s ]
INFO: [ template_filter ] --END-- [ RunTime:0.000000s ]
INFO: Run Behavior\ParseTemplateBehavior [ RunTime:0.041002s ]
INFO: [ view_parse ] --END-- [ RunTime:0.041002s ]
INFO: [ view_filter ] --START--
INFO: Run Behavior\WriteHtmlCacheBehavior [ RunTime:0.001000s ]
INFO: [ view_filter ] --END-- [ RunTime:0.001000s ]
INFO: [ app_end ] --START--
INFO: Run Behavior\ShowPageTraceBehavior [ RunTime:0.001000s ]
INFO: [ app_end ] --END-- [ RunTime:0.001000s ]

[ 2017-11-09T09:19:34+08:00 ] ::1 /saide/admin.php/User/login.html
INFO: [ app_init ] --START--
INFO: Run Behavior\BuildLiteBehavior [ RunTime:0.000000s ]
INFO: [ app_init ] --END-- [ RunTime:0.000000s ]
INFO: [ app_begin ] --START--
INFO: Run Behavior\ReadHtmlCacheBehavior [ RunTime:0.000000s ]
INFO: [ app_begin ] --END-- [ RunTime:0.000000s ]
INFO: [ view_parse ] --START--
INFO: [ template_filter ] --START--
INFO: Run Behavior\ContentReplaceBehavior [ RunTime:0.000000s ]
INFO: [ template_filter ] --END-- [ RunTime:0.000000s ]
INFO: Run Behavior\ParseTemplateBehavior [ RunTime:0.025001s ]
INFO: [ view_parse ] --END-- [ RunTime:0.025001s ]
INFO: [ view_filter ] --START--
INFO: Run Behavior\WriteHtmlCacheBehavior [ RunTime:0.000000s ]
INFO: [ view_filter ] --END-- [ RunTime:0.000000s ]
INFO: [ app_end ] --START--
INFO: Run Behavior\ShowPageTraceBehavior [ RunTime:0.001000s ]
INFO: [ app_end ] --END-- [ RunTime:0.001000s ]

[ 2017-11-09T09:19:34+08:00 ] ::1 /saide/admin.php/User/yan.html?b7868be682e97d209ab9c24588ce6abf
INFO: [ app_init ] --START--
INFO: Run Behavior\BuildLiteBehavior [ RunTime:0.000000s ]
INFO: [ app_init ] --END-- [ RunTime:0.000000s ]
INFO: [ app_begin ] --START--
INFO: Run Behavior\ReadHtmlCacheBehavior [ RunTime:0.001000s ]
INFO: [ app_begin ] --END-- [ RunTime:0.001000s ]
INFO: [ app_end ] --START--
INFO: Run Behavior\ShowPageTraceBehavior [ RunTime:0.000000s ]
INFO: [ app_end ] --END-- [ RunTime:0.001000s ]

[ 2017-11-09T09:19:40+08:00 ] ::1 /saide/admin.php/User/yan.html?b7868be682e97d209ab9c24588ce6abf?0.5144711724864528
INFO: [ app_init ] --START--
INFO: Run Behavior\BuildLiteBehavior [ RunTime:0.000000s ]
INFO: [ app_init ] --END-- [ RunTime:0.000000s ]
INFO: [ app_begin ] --START--
INFO: Run Behavior\ReadHtmlCacheBehavior [ RunTime:0.000000s ]
INFO: [ app_begin ] --END-- [ RunTime:0.000000s ]
INFO: [ app_end ] --START--
INFO: Run Behavior\ShowPageTraceBehavior [ RunTime:0.000000s ]
INFO: [ app_end ] --END-- [ RunTime:0.000000s ]

[ 2017-11-09T09:19:46+08:00 ] ::1 /saide/admin.php/User/yan.html?b7868be682e97d209ab9c24588ce6abf?0.5144711724864528?0.42438927299864204
INFO: [ app_init ] --START--
INFO: Run Behavior\BuildLiteBehavior [ RunTime:0.000000s ]
INFO: [ app_init ] --END-- [ RunTime:0.000000s ]
INFO: [ app_begin ] --START--
INFO: Run Behavior\ReadHtmlCacheBehavior [ RunTime:0.000000s ]
INFO: [ app_begin ] --END-- [ RunTime:0.000000s ]
INFO: [ app_end ] --START--
INFO: Run Behavior\ShowPageTraceBehavior [ RunTime:0.000000s ]
INFO: [ app_end ] --END-- [ RunTime:0.000000s ]

[ 2017-11-09T09:19:47+08:00 ] ::1 /saide/admin.php/User/yan.html?b7868be682e97d209ab9c24588ce6abf?0.5144711724864528?0.42438927299864204?0.40949541040186577
INFO: [ app_init ] --START--
INFO: Run Behavior\BuildLiteBehavior [ RunTime:0.000000s ]
INFO: [ app_init ] --END-- [ RunTime:0.001000s ]
INFO: [ app_begin ] --START--
INFO: Run Behavior\ReadHtmlCacheBehavior [ RunTime:0.001000s ]
INFO: [ app_begin ] --END-- [ RunTime:0.001000s ]
INFO: [ app_end ] --START--
INFO: Run Behavior\ShowPageTraceBehavior [ RunTime:0.000000s ]
INFO: [ app_end ] --END-- [ RunTime:0.000000s ]

[ 2017-11-09T09:19:52+08:00 ] ::1 /saide/admin.php/User/doLogin.html
INFO: [ app_init ] --START--
INFO: Run Behavior\BuildLiteBehavior [ RunTime:0.000000s ]
INFO: [ app_init ] --END-- [ RunTime:0.000000s ]
INFO: [ app_begin ] --START--
INFO: Run Behavior\ReadHtmlCacheBehavior [ RunTime:0.001000s ]
INFO: [ app_begin ] --END-- [ RunTime:0.001000s ]
NOTIC: [8] A session had already been started - ignoring session_start() D:\xampp\htdocs\saide\ThinkPHP\Common\functions.php 第 1325 行.
SQL: SHOW COLUMNS FROM `admin_name` [ RunTime:0.0070s ]
SQL: SHOW COLUMNS FROM `admin_user` [ RunTime:0.0000s ]
SQL: SELECT * FROM `admin_name` WHERE `name` = 'saide' AND `password` = '111023' LIMIT 1   [ RunTime:0.0156s ]
SQL: SELECT * FROM `admin_user` WHERE `name` = 'saide' AND `password` = '111023' LIMIT 1   [ RunTime:0.0000s ]

[ 2017-11-09T09:19:52+08:00 ] ::1 /saide/admin.php/Index/index.html
INFO: [ app_init ] --START--
INFO: Run Behavior\BuildLiteBehavior [ RunTime:0.000000s ]
INFO: [ app_init ] --END-- [ RunTime:0.000000s ]
INFO: [ app_begin ] --START--
INFO: Run Behavior\ReadHtmlCacheBehavior [ RunTime:0.000000s ]
INFO: [ app_begin ] --END-- [ RunTime:0.000000s ]
SQL: SHOW COLUMNS FROM `admin_name` [ RunTime:0.0150s ]
SQL: SHOW COLUMNS FROM `admin_user` [ RunTime:0.0140s ]
SQL: SELECT * FROM `admin_name` WHERE `name` = null LIMIT 1   [ RunTime:0.0000s ]
SQL: SELECT * FROM `admin_user` WHERE `name` = 'saide' LIMIT 1   [ RunTime:0.0000s ]
INFO: [ view_parse ] --START--
INFO: [ template_filter ] --START--
INFO: Run Behavior\ContentReplaceBehavior [ RunTime:0.000000s ]
INFO: [ template_filter ] --END-- [ RunTime:0.000000s ]
INFO: Run Behavior\ParseTemplateBehavior [ RunTime:0.011001s ]
INFO: [ view_parse ] --END-- [ RunTime:0.011001s ]
INFO: [ view_filter ] --START--
INFO: Run Behavior\WriteHtmlCacheBehavior [ RunTime:0.000000s ]
INFO: [ view_filter ] --END-- [ RunTime:0.000000s ]
INFO: [ app_end ] --START--
INFO: Run Behavior\ShowPageTraceBehavior [ RunTime:0.001000s ]
INFO: [ app_end ] --END-- [ RunTime:0.001000s ]

[ 2017-11-09T09:19:53+08:00 ] ::1 /saide/admin.php/User/welcome.html
INFO: [ app_init ] --START--
INFO: Run Behavior\BuildLiteBehavior [ RunTime:0.000000s ]
INFO: [ app_init ] --END-- [ RunTime:0.000000s ]
INFO: [ app_begin ] --START--
INFO: Run Behavior\ReadHtmlCacheBehavior [ RunTime:0.001000s ]
INFO: [ app_begin ] --END-- [ RunTime:0.001000s ]
SQL: SHOW COLUMNS FROM `admin_name` [ RunTime:0.0120s ]
SQL: SELECT COUNT(*) AS tp_count FROM `admin_name` LIMIT 1   [ RunTime:0.0010s ]
SQL: SELECT COUNT(*) AS tp_count FROM `admin_name` WHERE (  time >= '1510156800' ) LIMIT 1   [ RunTime:0.0010s ]
SQL: SELECT COUNT(*) AS tp_count FROM `admin_name` WHERE (  time >='1510070400' ) LIMIT 1   [ RunTime:0.0000s ]
SQL: SELECT COUNT(*) AS tp_count FROM `admin_name` WHERE (  time >='1509897600' ) LIMIT 1   [ RunTime:0.0000s ]
SQL: SELECT COUNT(*) AS tp_count FROM `admin_name` WHERE (  time >='1509465600' ) LIMIT 1   [ RunTime:0.0010s ]
SQL: SHOW COLUMNS FROM `admin_column_class` [ RunTime:0.0130s ]
SQL: SELECT COUNT(*) AS tp_count FROM `admin_column_class` LIMIT 1   [ RunTime:0.0000s ]
SQL: SELECT COUNT(*) AS tp_count FROM `admin_column_class` WHERE (  class_time >='1510156800' ) LIMIT 1   [ RunTime:0.0010s ]
SQL: SELECT COUNT(*) AS tp_count FROM `admin_column_class` WHERE (  class_time >='1510070400' ) LIMIT 1   [ RunTime:0.0000s ]
SQL: SELECT COUNT(*) AS tp_count FROM `admin_column_class` WHERE (  class_time >='1509897600' ) LIMIT 1   [ RunTime:0.0010s ]
SQL: SELECT COUNT(*) AS tp_count FROM `admin_column_class` WHERE (  class_time >='1509465600' ) LIMIT 1   [ RunTime:0.0000s ]
SQL: SHOW COLUMNS FROM `admin_image` [ RunTime:0.0160s ]
SQL: SELECT COUNT(*) AS tp_count FROM `admin_image` LIMIT 1   [ RunTime:0.0020s ]
SQL: SELECT COUNT(*) AS tp_count FROM `admin_image` WHERE (  time >= '1510156800' ) LIMIT 1   [ RunTime:0.0010s ]
SQL: SELECT COUNT(*) AS tp_count FROM `admin_image` WHERE (  time >= '1510070400' ) LIMIT 1   [ RunTime:0.0000s ]
SQL: SELECT COUNT(*) AS tp_count FROM `admin_image` WHERE (  time >= '1509897600' ) LIMIT 1   [ RunTime:0.0010s ]
SQL: SELECT COUNT(*) AS tp_count FROM `admin_image` WHERE (  time >= '1509465600' ) LIMIT 1   [ RunTime:0.0000s ]
SQL: SHOW COLUMNS FROM `admin_feedback` [ RunTime:0.0150s ]
SQL: SELECT COUNT(*) AS tp_count FROM `admin_feedback` LIMIT 1   [ RunTime:0.0000s ]
SQL: SELECT COUNT(*) AS tp_count FROM `admin_feedback` WHERE (  time >= '1510156800' ) LIMIT 1   [ RunTime:0.0000s ]
SQL: SELECT COUNT(*) AS tp_count FROM `admin_feedback` WHERE (  time >= '1510070400' ) LIMIT 1   [ RunTime:0.0010s ]
SQL: SELECT COUNT(*) AS tp_count FROM `admin_feedback` WHERE (  time >= '1509897600' ) LIMIT 1   [ RunTime:0.0000s ]
SQL: SELECT COUNT(*) AS tp_count FROM `admin_feedback` WHERE (  time >= '1509465600' ) LIMIT 1   [ RunTime:0.0010s ]
SQL: SHOW COLUMNS FROM `admin_information` [ RunTime:0.0810s ]
SQL: SELECT COUNT(*) AS tp_count FROM `admin_information` LIMIT 1   [ RunTime:0.0000s ]
SQL: SELECT COUNT(*) AS tp_count FROM `admin_information` WHERE (  information_time >='1510156800' ) LIMIT 1   [ RunTime:0.0010s ]
SQL: SELECT COUNT(*) AS tp_count FROM `admin_information` WHERE (  information_time >='1510070400' ) LIMIT 1   [ RunTime:0.0010s ]
SQL: SELECT COUNT(*) AS tp_count FROM `admin_information` WHERE (  information_time >='1509897600' ) LIMIT 1   [ RunTime:0.0000s ]
SQL: SELECT COUNT(*) AS tp_count FROM `admin_information` WHERE (  information_time >='1509465600' ) LIMIT 1   [ RunTime:0.0000s ]
INFO: [ view_parse ] --START--
INFO: [ template_filter ] --START--
INFO: Run Behavior\ContentReplaceBehavior [ RunTime:0.000000s ]
INFO: [ template_filter ] --END-- [ RunTime:0.000000s ]
NOTIC: [8] Undefined offset: 1 D:\xampp\htdocs\saide\RuntimeCache\Admin\13d526d0a9c0be4af262c5dc5411dfd6.php 第 149 行.
NOTIC: [8] Undefined index: PROCESSOR_IDENTIFIER D:\xampp\htdocs\saide\RuntimeCache\Admin\13d526d0a9c0be4af262c5dc5411dfd6.php 第 157 行.
INFO: Run Behavior\ParseTemplateBehavior [ RunTime:0.031001s ]
INFO: [ view_parse ] --END-- [ RunTime:0.031001s ]
INFO: [ view_filter ] --START--
INFO: Run Behavior\WriteHtmlCacheBehavior [ RunTime:0.000000s ]
INFO: [ view_filter ] --END-- [ RunTime:0.000000s ]
INFO: [ app_end ] --START--
INFO: Run Behavior\ShowPageTraceBehavior [ RunTime:0.001001s ]
INFO: [ app_end ] --END-- [ RunTime:0.001001s ]

[ 2017-11-09T09:20:03+08:00 ] ::1 /saide/admin.php/Column/yoko_class.html
INFO: [ app_init ] --START--
INFO: Run Behavior\BuildLiteBehavior [ RunTime:0.000000s ]
INFO: [ app_init ] --END-- [ RunTime:0.001000s ]
INFO: [ app_begin ] --START--
INFO: Run Behavior\ReadHtmlCacheBehavior [ RunTime:0.002000s ]
INFO: [ app_begin ] --END-- [ RunTime:0.002000s ]
SQL: SHOW COLUMNS FROM `admin_column_class` [ RunTime:0.0110s ]
SQL: SELECT COUNT(*) AS tp_count FROM `admin_column_class` LIMIT 1   [ RunTime:0.0010s ]
SQL: SELECT * FROM `admin_column_class` ORDER BY id LIMIT 0,10   [ RunTime:0.0010s ]
INFO: [ view_parse ] --START--
INFO: [ template_filter ] --START--
INFO: Run Behavior\ContentReplaceBehavior [ RunTime:0.000000s ]
INFO: [ template_filter ] --END-- [ RunTime:0.000000s ]
INFO: Run Behavior\ParseTemplateBehavior [ RunTime:0.047003s ]
INFO: [ view_parse ] --END-- [ RunTime:0.047003s ]
INFO: [ view_filter ] --START--
INFO: Run Behavior\WriteHtmlCacheBehavior [ RunTime:0.000000s ]
INFO: [ view_filter ] --END-- [ RunTime:0.000000s ]
INFO: [ app_end ] --START--
INFO: Run Behavior\ShowPageTraceBehavior [ RunTime:0.000000s ]
INFO: [ app_end ] --END-- [ RunTime:0.000000s ]

[ 2017-11-09T09:20:05+08:00 ] ::1 /saide/admin.php/Column/yoko_class.html
INFO: [ app_init ] --START--
INFO: Run Behavior\BuildLiteBehavior [ RunTime:0.000000s ]
INFO: [ app_init ] --END-- [ RunTime:0.000000s ]
INFO: [ app_begin ] --START--
INFO: Run Behavior\ReadHtmlCacheBehavior [ RunTime:0.000000s ]
INFO: [ app_begin ] --END-- [ RunTime:0.000000s ]
SQL: SHOW COLUMNS FROM `admin_column_class` [ RunTime:0.0100s ]
SQL: SELECT COUNT(*) AS tp_count FROM `admin_column_class` LIMIT 1   [ RunTime:0.0010s ]
SQL: SELECT * FROM `admin_column_class` ORDER BY id LIMIT 0,10   [ RunTime:0.0010s ]
INFO: [ view_parse ] --START--
INFO: [ template_filter ] --START--
INFO: Run Behavior\ContentReplaceBehavior [ RunTime:0.000000s ]
INFO: [ template_filter ] --END-- [ RunTime:0.000000s ]
INFO: Run Behavior\ParseTemplateBehavior [ RunTime:0.010001s ]
INFO: [ view_parse ] --END-- [ RunTime:0.010001s ]
INFO: [ view_filter ] --START--
INFO: Run Behavior\WriteHtmlCacheBehavior [ RunTime:0.001000s ]
INFO: [ view_filter ] --END-- [ RunTime:0.001000s ]
INFO: [ app_end ] --START--
INFO: Run Behavior\ShowPageTraceBehavior [ RunTime:0.000000s ]
INFO: [ app_end ] --END-- [ RunTime:0.000000s ]

[ 2017-11-09T09:20:07+08:00 ] ::1 /saide/admin.php/Column/yoko_class.html
INFO: [ app_init ] --START--
INFO: Run Behavior\BuildLiteBehavior [ RunTime:0.000000s ]
INFO: [ app_init ] --END-- [ RunTime:0.001000s ]
INFO: [ app_begin ] --START--
INFO: Run Behavior\ReadHtmlCacheBehavior [ RunTime:0.001000s ]
INFO: [ app_begin ] --END-- [ RunTime:0.001000s ]
SQL: SHOW COLUMNS FROM `admin_column_class` [ RunTime:0.0100s ]
SQL: SELECT COUNT(*) AS tp_count FROM `admin_column_class` LIMIT 1   [ RunTime:0.0000s ]
SQL: SELECT * FROM `admin_column_class` ORDER BY id LIMIT 0,10   [ RunTime:0.0000s ]
INFO: [ view_parse ] --START--
INFO: [ template_filter ] --START--
INFO: Run Behavior\ContentReplaceBehavior [ RunTime:0.000000s ]
INFO: [ template_filter ] --END-- [ RunTime:0.000000s ]
INFO: Run Behavior\ParseTemplateBehavior [ RunTime:0.012001s ]
INFO: [ view_parse ] --END-- [ RunTime:0.012001s ]
INFO: [ view_filter ] --START--
INFO: Run Behavior\WriteHtmlCacheBehavior [ RunTime:0.001000s ]
INFO: [ view_filter ] --END-- [ RunTime:0.001000s ]
INFO: [ app_end ] --START--
INFO: Run Behavior\ShowPageTraceBehavior [ RunTime:0.001000s ]
INFO: [ app_end ] --END-- [ RunTime:0.001000s ]

[ 2017-11-09T09:20:09+08:00 ] ::1 /saide/admin.php/Column/lists.html
INFO: [ app_init ] --START--
INFO: Run Behavior\BuildLiteBehavior [ RunTime:0.000000s ]
INFO: [ app_init ] --END-- [ RunTime:0.000000s ]
INFO: [ app_begin ] --START--
INFO: Run Behavior\ReadHtmlCacheBehavior [ RunTime:0.002000s ]
INFO: [ app_begin ] --END-- [ RunTime:0.002000s ]
SQL: SHOW COLUMNS FROM `admin_column_body` [ RunTime:0.0200s ]
SQL: SELECT COUNT(*) AS tp_count FROM `admin_column_body` LIMIT 1   [ RunTime:0.0010s ]
SQL: SELECT admin_column_body. *,admin_column_class.class_title FROM `admin_column_body` INNER JOIN admin_column_class ON admin_column_body.uid = admin_column_class.id  ORDER BY id  LIMIT 0,10   [ RunTime:0.0020s ]
INFO: [ view_parse ] --START--
INFO: [ template_filter ] --START--
INFO: Run Behavior\ContentReplaceBehavior [ RunTime:0.001000s ]
INFO: [ template_filter ] --END-- [ RunTime:0.001000s ]
INFO: Run Behavior\ParseTemplateBehavior [ RunTime:0.011000s ]
INFO: [ view_parse ] --END-- [ RunTime:0.011000s ]
INFO: [ view_filter ] --START--
INFO: Run Behavior\WriteHtmlCacheBehavior [ RunTime:0.000000s ]
INFO: [ view_filter ] --END-- [ RunTime:0.000000s ]
INFO: [ app_end ] --START--
INFO: Run Behavior\ShowPageTraceBehavior [ RunTime:0.000000s ]
INFO: [ app_end ] --END-- [ RunTime:0.000000s ]

[ 2017-11-09T09:43:55+08:00 ] ::1 /saide/admin.php/Column/yoko_class.html
INFO: [ app_init ] --START--
INFO: Run Behavior\BuildLiteBehavior [ RunTime:0.000000s ]
INFO: [ app_init ] --END-- [ RunTime:0.000000s ]
INFO: [ app_begin ] --START--
INFO: Run Behavior\ReadHtmlCacheBehavior [ RunTime:0.001000s ]
INFO: [ app_begin ] --END-- [ RunTime:0.001000s ]
SQL: SHOW COLUMNS FROM `admin_column_class` [ RunTime:0.0110s ]
SQL: SELECT COUNT(*) AS tp_count FROM `admin_column_class` LIMIT 1   [ RunTime:0.0010s ]
SQL: SELECT * FROM `admin_column_class` ORDER BY id LIMIT 0,10   [ RunTime:0.0010s ]
INFO: [ view_parse ] --START--
INFO: [ template_filter ] --START--
INFO: Run Behavior\ContentReplaceBehavior [ RunTime:0.000000s ]
INFO: [ template_filter ] --END-- [ RunTime:0.000000s ]
INFO: Run Behavior\ParseTemplateBehavior [ RunTime:0.010000s ]
INFO: [ view_parse ] --END-- [ RunTime:0.010000s ]
INFO: [ view_filter ] --START--
INFO: Run Behavior\WriteHtmlCacheBehavior [ RunTime:0.001000s ]
INFO: [ view_filter ] --END-- [ RunTime:0.001000s ]
INFO: [ app_end ] --START--
INFO: Run Behavior\ShowPageTraceBehavior [ RunTime:0.001000s ]
INFO: [ app_end ] --END-- [ RunTime:0.001000s ]

[ 2017-11-09T09:44:15+08:00 ] ::1 /saide/admin.php/Column/yoko_class_add.html
INFO: [ app_init ] --START--
INFO: Run Behavior\BuildLiteBehavior [ RunTime:0.000000s ]
INFO: [ app_init ] --END-- [ RunTime:0.000000s ]
INFO: [ app_begin ] --START--
INFO: Run Behavior\ReadHtmlCacheBehavior [ RunTime:0.000000s ]
INFO: [ app_begin ] --END-- [ RunTime:0.000000s ]
INFO: [ view_parse ] --START--
INFO: [ template_filter ] --START--
INFO: Run Behavior\ContentReplaceBehavior [ RunTime:0.000000s ]
INFO: [ template_filter ] --END-- [ RunTime:0.000000s ]
INFO: Run Behavior\ParseTemplateBehavior [ RunTime:0.031002s ]
INFO: [ view_parse ] --END-- [ RunTime:0.031002s ]
INFO: [ view_filter ] --START--
INFO: Run Behavior\WriteHtmlCacheBehavior [ RunTime:0.000000s ]
INFO: [ view_filter ] --END-- [ RunTime:0.000000s ]
INFO: [ app_end ] --START--
INFO: Run Behavior\ShowPageTraceBehavior [ RunTime:0.000000s ]
INFO: [ app_end ] --END-- [ RunTime:0.000000s ]

[ 2017-11-09T09:44:25+08:00 ] ::1 /saide/admin.php/Column/yokos_class_add.html
INFO: [ app_init ] --START--
INFO: Run Behavior\BuildLiteBehavior [ RunTime:0.000000s ]
INFO: [ app_init ] --END-- [ RunTime:0.001000s ]
INFO: [ app_begin ] --START--
INFO: Run Behavior\ReadHtmlCacheBehavior [ RunTime:0.001000s ]
INFO: [ app_begin ] --END-- [ RunTime:0.001000s ]
SQL: SHOW COLUMNS FROM `admin_column_class` [ RunTime:0.0000s ]
SQL: SELECT * FROM `admin_column_class` WHERE `class_title` = '在线留言' LIMIT 1   [ RunTime:0.0000s ]
SQL: INSERT INTO `admin_column_class` (`class_title`,`class_time`) VALUES ('在线留言','1510191865') [ RunTime:0.0468s ]

[ 2017-11-09T09:44:25+08:00 ] ::1 /saide/admin.php/Column/yoko_class.html
INFO: [ app_init ] --START--
INFO: Run Behavior\BuildLiteBehavior [ RunTime:0.000000s ]
INFO: [ app_init ] --END-- [ RunTime:0.000000s ]
INFO: [ app_begin ] --START--
INFO: Run Behavior\ReadHtmlCacheBehavior [ RunTime:0.000000s ]
INFO: [ app_begin ] --END-- [ RunTime:0.000000s ]
SQL: SHOW COLUMNS FROM `admin_column_class` [ RunTime:0.0110s ]
SQL: SELECT COUNT(*) AS tp_count FROM `admin_column_class` LIMIT 1   [ RunTime:0.0010s ]
SQL: SELECT * FROM `admin_column_class` ORDER BY id LIMIT 0,10   [ RunTime:0.0010s ]
INFO: [ view_parse ] --START--
INFO: [ template_filter ] --START--
INFO: Run Behavior\ContentReplaceBehavior [ RunTime:0.000000s ]
INFO: [ template_filter ] --END-- [ RunTime:0.000000s ]
INFO: Run Behavior\ParseTemplateBehavior [ RunTime:0.010000s ]
INFO: [ view_parse ] --END-- [ RunTime:0.010000s ]
INFO: [ view_filter ] --START--
INFO: Run Behavior\WriteHtmlCacheBehavior [ RunTime:0.001000s ]
INFO: [ view_filter ] --END-- [ RunTime:0.001000s ]
INFO: [ app_end ] --START--
INFO: Run Behavior\ShowPageTraceBehavior [ RunTime:0.000000s ]
INFO: [ app_end ] --END-- [ RunTime:0.000000s ]

[ 2017-11-09T09:44:26+08:00 ] ::1 /saide/admin.php/Index/index.html
INFO: [ app_init ] --START--
INFO: Run Behavior\BuildLiteBehavior [ RunTime:0.000000s ]
INFO: [ app_init ] --END-- [ RunTime:0.001000s ]
INFO: [ app_begin ] --START--
INFO: Run Behavior\ReadHtmlCacheBehavior [ RunTime:0.000000s ]
INFO: [ app_begin ] --END-- [ RunTime:0.000000s ]
SQL: SHOW COLUMNS FROM `admin_name` [ RunTime:0.0180s ]
SQL: SHOW COLUMNS FROM `admin_user` [ RunTime:0.0150s ]
SQL: SELECT * FROM `admin_name` WHERE `name` = null LIMIT 1   [ RunTime:0.0000s ]
SQL: SELECT * FROM `admin_user` WHERE `name` = 'saide' LIMIT 1   [ RunTime:0.0010s ]
INFO: [ view_parse ] --START--
INFO: [ template_filter ] --START--
INFO: Run Behavior\ContentReplaceBehavior [ RunTime:0.000000s ]
INFO: [ template_filter ] --END-- [ RunTime:0.000000s ]
INFO: Run Behavior\ParseTemplateBehavior [ RunTime:0.012001s ]
INFO: [ view_parse ] --END-- [ RunTime:0.012001s ]
INFO: [ view_filter ] --START--
INFO: Run Behavior\WriteHtmlCacheBehavior [ RunTime:0.001000s ]
INFO: [ view_filter ] --END-- [ RunTime:0.001000s ]
INFO: [ app_end ] --START--
INFO: Run Behavior\ShowPageTraceBehavior [ RunTime:0.000000s ]
INFO: [ app_end ] --END-- [ RunTime:0.000000s ]

[ 2017-11-09T11:38:52+08:00 ] ::1 /saide/admin.php/Column/yoko_class.html
INFO: [ app_init ] --START--
INFO: Run Behavior\BuildLiteBehavior [ RunTime:0.000000s ]
INFO: [ app_init ] --END-- [ RunTime:0.000000s ]
INFO: [ app_begin ] --START--
INFO: Run Behavior\ReadHtmlCacheBehavior [ RunTime:0.001000s ]
INFO: [ app_begin ] --END-- [ RunTime:0.001000s ]
SQL: SHOW COLUMNS FROM `admin_column_class` [ RunTime:0.0110s ]
SQL: SELECT COUNT(*) AS tp_count FROM `admin_column_class` LIMIT 1   [ RunTime:0.0000s ]
SQL: SELECT * FROM `admin_column_class` ORDER BY id LIMIT 0,10   [ RunTime:0.0010s ]
INFO: [ view_parse ] --START--
INFO: [ template_filter ] --START--
INFO: Run Behavior\ContentReplaceBehavior [ RunTime:0.000000s ]
INFO: [ template_filter ] --END-- [ RunTime:0.000000s ]
INFO: Run Behavior\ParseTemplateBehavior [ RunTime:0.011001s ]
INFO: [ view_parse ] --END-- [ RunTime:0.011001s ]
INFO: [ view_filter ] --START--
INFO: Run Behavior\WriteHtmlCacheBehavior [ RunTime:0.001000s ]
INFO: [ view_filter ] --END-- [ RunTime:0.001000s ]
INFO: [ app_end ] --START--
INFO: Run Behavior\ShowPageTraceBehavior [ RunTime:0.001000s ]
INFO: [ app_end ] --END-- [ RunTime:0.001000s ]

[ 2017-11-09T11:38:54+08:00 ] ::1 /saide/admin.php/Column/lists.html
INFO: [ app_init ] --START--
INFO: Run Behavior\BuildLiteBehavior [ RunTime:0.000000s ]
INFO: [ app_init ] --END-- [ RunTime:0.000000s ]
INFO: [ app_begin ] --START--
INFO: Run Behavior\ReadHtmlCacheBehavior [ RunTime:0.001000s ]
INFO: [ app_begin ] --END-- [ RunTime:0.001000s ]
SQL: SHOW COLUMNS FROM `admin_column_body` [ RunTime:0.0130s ]
SQL: SELECT COUNT(*) AS tp_count FROM `admin_column_body` LIMIT 1   [ RunTime:0.0010s ]
SQL: SELECT admin_column_body. *,admin_column_class.class_title FROM `admin_column_body` INNER JOIN admin_column_class ON admin_column_body.uid = admin_column_class.id  ORDER BY id  LIMIT 0,10   [ RunTime:0.0010s ]
INFO: [ view_parse ] --START--
INFO: [ template_filter ] --START--
INFO: Run Behavior\ContentReplaceBehavior [ RunTime:0.000000s ]
INFO: [ template_filter ] --END-- [ RunTime:0.000000s ]
INFO: Run Behavior\ParseTemplateBehavior [ RunTime:0.035002s ]
INFO: [ view_parse ] --END-- [ RunTime:0.035002s ]
INFO: [ view_filter ] --START--
INFO: Run Behavior\WriteHtmlCacheBehavior [ RunTime:0.003000s ]
INFO: [ view_filter ] --END-- [ RunTime:0.003000s ]
INFO: [ app_end ] --START--
INFO: Run Behavior\ShowPageTraceBehavior [ RunTime:0.008001s ]
INFO: [ app_end ] --END-- [ RunTime:0.008001s ]

[ 2017-11-09T11:39:05+08:00 ] ::1 /saide/admin.php/Column/lists.html
INFO: [ app_init ] --START--
INFO: Run Behavior\BuildLiteBehavior [ RunTime:0.000000s ]
INFO: [ app_init ] --END-- [ RunTime:0.000000s ]
INFO: [ app_begin ] --START--
INFO: Run Behavior\ReadHtmlCacheBehavior [ RunTime:0.002000s ]
INFO: [ app_begin ] --END-- [ RunTime:0.002000s ]
SQL: SHOW COLUMNS FROM `admin_column_body` [ RunTime:0.0200s ]
SQL: SELECT COUNT(*) AS tp_count FROM `admin_column_body` LIMIT 1   [ RunTime:0.0000s ]
SQL: SELECT admin_column_body. *,admin_column_class.class_title FROM `admin_column_body` INNER JOIN admin_column_class ON admin_column_body.uid = admin_column_class.id  ORDER BY id  LIMIT 0,10   [ RunTime:0.0020s ]
INFO: [ view_parse ] --START--
INFO: [ template_filter ] --START--
INFO: Run Behavior\ContentReplaceBehavior [ RunTime:0.000000s ]
INFO: [ template_filter ] --END-- [ RunTime:0.000000s ]
INFO: Run Behavior\ParseTemplateBehavior [ RunTime:0.020001s ]
INFO: [ view_parse ] --END-- [ RunTime:0.020001s ]
INFO: [ view_filter ] --START--
INFO: Run Behavior\WriteHtmlCacheBehavior [ RunTime:0.001000s ]
INFO: [ view_filter ] --END-- [ RunTime:0.001000s ]
INFO: [ app_end ] --START--
INFO: Run Behavior\ShowPageTraceBehavior [ RunTime:0.002001s ]
INFO: [ app_end ] --END-- [ RunTime:0.002001s ]

[ 2017-11-09T11:39:10+08:00 ] ::1 /saide/admin.php/Column/column_add.html
INFO: [ app_init ] --START--
INFO: Run Behavior\BuildLiteBehavior [ RunTime:0.000000s ]
INFO: [ app_init ] --END-- [ RunTime:0.001000s ]
INFO: [ app_begin ] --START--
INFO: Run Behavior\ReadHtmlCacheBehavior [ RunTime:0.001000s ]
INFO: [ app_begin ] --END-- [ RunTime:0.001000s ]
SQL: SHOW COLUMNS FROM `admin_column_class` [ RunTime:0.0110s ]
SQL: SELECT * FROM `admin_column_class`  [ RunTime:0.0010s ]
INFO: [ view_parse ] --START--
INFO: [ template_filter ] --START--
INFO: Run Behavior\ContentReplaceBehavior [ RunTime:0.000000s ]
INFO: [ template_filter ] --END-- [ RunTime:0.000000s ]
INFO: Run Behavior\ParseTemplateBehavior [ RunTime:0.028002s ]
INFO: [ view_parse ] --END-- [ RunTime:0.028002s ]
INFO: [ view_filter ] --START--
INFO: Run Behavior\WriteHtmlCacheBehavior [ RunTime:0.001000s ]
INFO: [ view_filter ] --END-- [ RunTime:0.001000s ]
INFO: [ app_end ] --START--
INFO: Run Behavior\ShowPageTraceBehavior [ RunTime:0.001000s ]
INFO: [ app_end ] --END-- [ RunTime:0.001000s ]

[ 2017-11-09T11:40:21+08:00 ] ::1 /saide/admin.php/Column/column_adds.html
INFO: [ app_init ] --START--
INFO: Run Behavior\BuildLiteBehavior [ RunTime:0.000000s ]
INFO: [ app_init ] --END-- [ RunTime:0.001000s ]
INFO: [ app_begin ] --START--
INFO: Run Behavior\ReadHtmlCacheBehavior [ RunTime:0.001000s ]
INFO: [ app_begin ] --END-- [ RunTime:0.001000s ]
SQL: SHOW COLUMNS FROM `admin_column_body` [ RunTime:0.0120s ]
SQL: SELECT * FROM `admin_column_body` WHERE `title` = '银行贷款评估' LIMIT 1   [ RunTime:0.0010s ]
SQL: SELECT * FROM `admin_column_body` WHERE `page` = 7 LIMIT 1   [ RunTime:0.0020s ]
SQL: INSERT INTO `admin_column_body` (`uid`,`page`,`stert`,`image`,`title`,`body`,`abstract`,`time`,`status`) VALUES ('2','7','','','银行贷款评估','<h2 class=\"headline-1\" sizcache06745968256051409=\"9\" sizset=\"93\" style=\"padding: 0px 15px; margin: 0px; white-space: normal; background-color: rgb(201, 220, 230); font-family: 微软雅黑;\"><span style=\"padding: 0px; margin: 0px; font-size: 16px; font-family: &quot;comic sans ms&quot;, cursive; color: rgb(34, 34, 34);\">银行贷款评估为我公司老牌业务，致力于服务客户的资金需求，我公司目前与中国银行、建设银行、工商银行、农业银行、中信银行、光大银行、招商银行、民生银行、交通银行等100多家银行金融机构建立了良好的合作伙伴关系，在业界享有良好的信誉、非常高的知名度，业绩显著，屡次被多家银行评为优质合作单位。</span></h2><p style=\"padding: 5px 0px; margin-top: 0px; margin-bottom: 0px; line-height: 20px; font-family: &quot;microsoft yahei&quot;, Verdana, Arial, Helvetica, sans-serif; white-space: normal; background-color: rgb(201, 220, 230);\"><strong style=\"padding: 0px; margin: 0px;\"><span style=\"padding: 0px; margin: 0px; font-family: &quot;comic sans ms&quot;, cursive;\"><span style=\"padding: 0px; margin: 0px;\">&nbsp; &nbsp; &nbsp;银行贷款服务包括：1、房地产抵押贷款；2、二手车抵押贷款；3、机械设备抵押贷款；4、信用贷款；5、企业贷款等。<br style=\"padding: 0px; margin: 0px;\"/>&nbsp; &nbsp; &nbsp;方便、快捷、一站式解决您的资金需求。</span></span></strong></p><p class=\"headline-1\" sizcache06745968256051409=\"9\" sizset=\"93\" style=\"padding: 5px 15px; margin-top: 0px; margin-bottom: 0px; line-height: 20px; white-space: normal; background-color: rgb(201, 220, 230); font-family: 微软雅黑;\"><strong style=\"padding: 0px; margin: 0px;\"><span style=\"padding: 0px; margin: 0px; font-family: &quot;comic sans ms&quot;, cursive;\"><span style=\"padding: 0px; margin: 0px;\">&nbsp;&nbsp;&nbsp;&nbsp; ★ 银行利息低至3厘</span></span></strong></p><p class=\"headline-1\" sizcache06745968256051409=\"9\" sizset=\"93\" style=\"padding: 5px 15px; margin-top: 0px; margin-bottom: 0px; line-height: 20px; white-space: normal; background-color: rgb(201, 220, 230); font-family: 微软雅黑;\"><br style=\"padding: 0px; margin: 0px;\"/><strong style=\"padding: 0px; margin: 0px;\"><span style=\"padding: 0px; margin: 0px; font-family: &quot;comic sans ms&quot;, cursive;\"><span style=\"padding: 0px; margin: 0px;\">&nbsp;&nbsp;&nbsp;&nbsp; ★ 银行优质合作单位</span></span></strong></p><p><br/></p>','','1510198821','1') [ RunTime:0.1990s ]

[ 2017-11-09T11:40:21+08:00 ] ::1 /saide/admin.php/Index/index.html
INFO: [ app_init ] --START--
INFO: Run Behavior\BuildLiteBehavior [ RunTime:0.000000s ]
INFO: [ app_init ] --END-- [ RunTime:0.000000s ]
INFO: [ app_begin ] --START--
INFO: Run Behavior\ReadHtmlCacheBehavior [ RunTime:0.000000s ]
INFO: [ app_begin ] --END-- [ RunTime:0.000000s ]
SQL: SHOW COLUMNS FROM `admin_name` [ RunTime:0.0110s ]
SQL: SHOW COLUMNS FROM `admin_user` [ RunTime:0.0110s ]
SQL: SELECT * FROM `admin_name` WHERE `name` = null LIMIT 1   [ RunTime:0.0010s ]
SQL: SELECT * FROM `admin_user` WHERE `name` = 'saide' LIMIT 1   [ RunTime:0.0000s ]
INFO: [ view_parse ] --START--
INFO: [ template_filter ] --START--
INFO: Run Behavior\ContentReplaceBehavior [ RunTime:0.000000s ]
INFO: [ template_filter ] --END-- [ RunTime:0.000000s ]
INFO: Run Behavior\ParseTemplateBehavior [ RunTime:0.012001s ]
INFO: [ view_parse ] --END-- [ RunTime:0.012001s ]
INFO: [ view_filter ] --START--
INFO: Run Behavior\WriteHtmlCacheBehavior [ RunTime:0.000000s ]
INFO: [ view_filter ] --END-- [ RunTime:0.001000s ]
INFO: [ app_end ] --START--
INFO: Run Behavior\ShowPageTraceBehavior [ RunTime:0.001000s ]
INFO: [ app_end ] --END-- [ RunTime:0.001000s ]

[ 2017-11-09T11:40:21+08:00 ] ::1 /saide/admin.php/Column/lists.html
INFO: [ app_init ] --START--
INFO: Run Behavior\BuildLiteBehavior [ RunTime:0.000000s ]
INFO: [ app_init ] --END-- [ RunTime:0.001000s ]
INFO: [ app_begin ] --START--
INFO: Run Behavior\ReadHtmlCacheBehavior [ RunTime:0.001000s ]
INFO: [ app_begin ] --END-- [ RunTime:0.001000s ]
SQL: SHOW COLUMNS FROM `admin_column_body` [ RunTime:0.0190s ]
SQL: SELECT COUNT(*) AS tp_count FROM `admin_column_body` LIMIT 1   [ RunTime:0.0010s ]
SQL: SELECT admin_column_body. *,admin_column_class.class_title FROM `admin_column_body` INNER JOIN admin_column_class ON admin_column_body.uid = admin_column_class.id  ORDER BY id  LIMIT 0,10   [ RunTime:0.0010s ]
INFO: [ view_parse ] --START--
INFO: [ template_filter ] --START--
INFO: Run Behavior\ContentReplaceBehavior [ RunTime:0.000000s ]
INFO: [ template_filter ] --END-- [ RunTime:0.000000s ]
INFO: Run Behavior\ParseTemplateBehavior [ RunTime:0.012001s ]
INFO: [ view_parse ] --END-- [ RunTime:0.012001s ]
INFO: [ view_filter ] --START--
INFO: Run Behavior\WriteHtmlCacheBehavior [ RunTime:0.000000s ]
INFO: [ view_filter ] --END-- [ RunTime:0.001000s ]
INFO: [ app_end ] --START--
INFO: Run Behavior\ShowPageTraceBehavior [ RunTime:0.001000s ]
INFO: [ app_end ] --END-- [ RunTime:0.001000s ]

[ 2017-11-09T11:40:21+08:00 ] ::1 /saide/admin.php/User/welcome.html
INFO: [ app_init ] --START--
INFO: Run Behavior\BuildLiteBehavior [ RunTime:0.000000s ]
INFO: [ app_init ] --END-- [ RunTime:0.000000s ]
INFO: [ app_begin ] --START--
INFO: Run Behavior\ReadHtmlCacheBehavior [ RunTime:0.000000s ]
INFO: [ app_begin ] --END-- [ RunTime:0.000000s ]
SQL: SHOW COLUMNS FROM `admin_name` [ RunTime:0.0360s ]
SQL: SELECT COUNT(*) AS tp_count FROM `admin_name` LIMIT 1   [ RunTime:0.0000s ]
SQL: SELECT COUNT(*) AS tp_count FROM `admin_name` WHERE (  time >= '1510156800' ) LIMIT 1   [ RunTime:0.0010s ]
SQL: SELECT COUNT(*) AS tp_count FROM `admin_name` WHERE (  time >='1510070400' ) LIMIT 1   [ RunTime:0.0000s ]
SQL: SELECT COUNT(*) AS tp_count FROM `admin_name` WHERE (  time >='1509897600' ) LIMIT 1   [ RunTime:0.0010s ]
SQL: SELECT COUNT(*) AS tp_count FROM `admin_name` WHERE (  time >='1509465600' ) LIMIT 1   [ RunTime:0.0000s ]
SQL: SHOW COLUMNS FROM `admin_column_class` [ RunTime:0.0170s ]
SQL: SELECT COUNT(*) AS tp_count FROM `admin_column_class` LIMIT 1   [ RunTime:0.0000s ]
SQL: SELECT COUNT(*) AS tp_count FROM `admin_column_class` WHERE (  class_time >='1510156800' ) LIMIT 1   [ RunTime:0.0010s ]
SQL: SELECT COUNT(*) AS tp_count FROM `admin_column_class` WHERE (  class_time >='1510070400' ) LIMIT 1   [ RunTime:0.0000s ]
SQL: SELECT COUNT(*) AS tp_count FROM `admin_column_class` WHERE (  class_time >='1509897600' ) LIMIT 1   [ RunTime:0.0010s ]
SQL: SELECT COUNT(*) AS tp_count FROM `admin_column_class` WHERE (  class_time >='1509465600' ) LIMIT 1   [ RunTime:0.0000s ]
SQL: SHOW COLUMNS FROM `admin_image` [ RunTime:0.0120s ]
SQL: SELECT COUNT(*) AS tp_count FROM `admin_image` LIMIT 1   [ RunTime:0.0000s ]
SQL: SELECT COUNT(*) AS tp_count FROM `admin_image` WHERE (  time >= '1510156800' ) LIMIT 1   [ RunTime:0.0010s ]
SQL: SELECT COUNT(*) AS tp_count FROM `admin_image` WHERE (  time >= '1510070400' ) LIMIT 1   [ RunTime:0.0000s ]
SQL: SELECT COUNT(*) AS tp_count FROM `admin_image` WHERE (  time >= '1509897600' ) LIMIT 1   [ RunTime:0.0010s ]
SQL: SELECT COUNT(*) AS tp_count FROM `admin_image` WHERE (  time >= '1509465600' ) LIMIT 1   [ RunTime:0.0000s ]
SQL: SHOW COLUMNS FROM `admin_feedback` [ RunTime:0.0360s ]
SQL: SELECT COUNT(*) AS tp_count FROM `admin_feedback` LIMIT 1   [ RunTime:0.0000s ]
SQL: SELECT COUNT(*) AS tp_count FROM `admin_feedback` WHERE (  time >= '1510156800' ) LIMIT 1   [ RunTime:0.0010s ]
SQL: SELECT COUNT(*) AS tp_count FROM `admin_feedback` WHERE (  time >= '1510070400' ) LIMIT 1   [ RunTime:0.0000s ]
SQL: SELECT COUNT(*) AS tp_count FROM `admin_feedback` WHERE (  time >= '1509897600' ) LIMIT 1   [ RunTime:0.0000s ]
SQL: SELECT COUNT(*) AS tp_count FROM `admin_feedback` WHERE (  time >= '1509465600' ) LIMIT 1   [ RunTime:0.0000s ]
SQL: SHOW COLUMNS FROM `admin_information` [ RunTime:0.0120s ]
SQL: SELECT COUNT(*) AS tp_count FROM `admin_information` LIMIT 1   [ RunTime:0.0000s ]
SQL: SELECT COUNT(*) AS tp_count FROM `admin_information` WHERE (  information_time >='1510156800' ) LIMIT 1   [ RunTime:0.0010s ]
SQL: SELECT COUNT(*) AS tp_count FROM `admin_information` WHERE (  information_time >='1510070400' ) LIMIT 1   [ RunTime:0.0000s ]
SQL: SELECT COUNT(*) AS tp_count FROM `admin_information` WHERE (  information_time >='1509897600' ) LIMIT 1   [ RunTime:0.0000s ]
SQL: SELECT COUNT(*) AS tp_count FROM `admin_information` WHERE (  information_time >='1509465600' ) LIMIT 1   [ RunTime:0.0000s ]
INFO: [ view_parse ] --START--
INFO: [ template_filter ] --START--
INFO: Run Behavior\ContentReplaceBehavior [ RunTime:0.001000s ]
INFO: [ template_filter ] --END-- [ RunTime:0.001000s ]
NOTIC: [8] Undefined offset: 1 D:\xampp\htdocs\saide\RuntimeCache\Admin\13d526d0a9c0be4af262c5dc5411dfd6.php 第 149 行.
NOTIC: [8] Undefined index: PROCESSOR_IDENTIFIER D:\xampp\htdocs\saide\RuntimeCache\Admin\13d526d0a9c0be4af262c5dc5411dfd6.php 第 157 行.
INFO: Run Behavior\ParseTemplateBehavior [ RunTime:0.054003s ]
INFO: [ view_parse ] --END-- [ RunTime:0.054003s ]
INFO: [ view_filter ] --START--
INFO: Run Behavior\WriteHtmlCacheBehavior [ RunTime:0.000000s ]
INFO: [ view_filter ] --END-- [ RunTime:0.000000s ]
INFO: [ app_end ] --START--
INFO: Run Behavior\ShowPageTraceBehavior [ RunTime:0.000000s ]
INFO: [ app_end ] --END-- [ RunTime:0.001000s ]

[ 2017-11-09T12:32:57+08:00 ] ::1 /saide/admin.php/System/system_url_lists.html
INFO: [ app_init ] --START--
INFO: Run Behavior\BuildLiteBehavior [ RunTime:0.000000s ]
INFO: [ app_init ] --END-- [ RunTime:0.001000s ]
INFO: [ app_begin ] --START--
INFO: Run Behavior\ReadHtmlCacheBehavior [ RunTime:0.001000s ]
INFO: [ app_begin ] --END-- [ RunTime:0.001000s ]
SQL: SHOW COLUMNS FROM `admin_system_url` [ RunTime:0.0150s ]
SQL: SELECT COUNT(*) AS tp_count FROM `admin_system_url` LIMIT 1   [ RunTime:0.0000s ]
SQL: SELECT * FROM `admin_system_url` ORDER BY id LIMIT 0,10   [ RunTime:0.0000s ]
INFO: [ view_parse ] --START--
INFO: [ template_filter ] --START--
INFO: Run Behavior\ContentReplaceBehavior [ RunTime:0.000000s ]
INFO: [ template_filter ] --END-- [ RunTime:0.000000s ]
INFO: Run Behavior\ParseTemplateBehavior [ RunTime:0.030002s ]
INFO: [ view_parse ] --END-- [ RunTime:0.030002s ]
INFO: [ view_filter ] --START--
INFO: Run Behavior\WriteHtmlCacheBehavior [ RunTime:0.001000s ]
INFO: [ view_filter ] --END-- [ RunTime:0.001000s ]
INFO: [ app_end ] --START--
INFO: Run Behavior\ShowPageTraceBehavior [ RunTime:0.001000s ]
INFO: [ app_end ] --END-- [ RunTime:0.001000s ]

[ 2017-11-09T12:33:00+08:00 ] ::1 /saide/admin.php/Index/index.html
INFO: [ app_init ] --START--
INFO: Run Behavior\BuildLiteBehavior [ RunTime:0.000000s ]
INFO: [ app_init ] --END-- [ RunTime:0.001000s ]
INFO: [ app_begin ] --START--
INFO: Run Behavior\ReadHtmlCacheBehavior [ RunTime:0.001000s ]
INFO: [ app_begin ] --END-- [ RunTime:0.001000s ]
SQL: SHOW COLUMNS FROM `admin_name` [ RunTime:0.0120s ]
SQL: SHOW COLUMNS FROM `admin_user` [ RunTime:0.0160s ]
SQL: SELECT * FROM `admin_name` WHERE `name` = null LIMIT 1   [ RunTime:0.0010s ]
SQL: SELECT * FROM `admin_user` WHERE `name` = 'saide' LIMIT 1   [ RunTime:0.0000s ]
INFO: [ view_parse ] --START--
INFO: [ template_filter ] --START--
INFO: Run Behavior\ContentReplaceBehavior [ RunTime:0.000000s ]
INFO: [ template_filter ] --END-- [ RunTime:0.000000s ]
INFO: Run Behavior\ParseTemplateBehavior [ RunTime:0.016001s ]
INFO: [ view_parse ] --END-- [ RunTime:0.016001s ]
INFO: [ view_filter ] --START--
INFO: Run Behavior\WriteHtmlCacheBehavior [ RunTime:0.001000s ]
INFO: [ view_filter ] --END-- [ RunTime:0.001000s ]
INFO: [ app_end ] --START--
INFO: Run Behavior\ShowPageTraceBehavior [ RunTime:0.001000s ]
INFO: [ app_end ] --END-- [ RunTime:0.001000s ]

[ 2017-11-09T12:33:00+08:00 ] ::1 /saide/admin.php/User/welcome.html
INFO: [ app_init ] --START--
INFO: Run Behavior\BuildLiteBehavior [ RunTime:0.000000s ]
INFO: [ app_init ] --END-- [ RunTime:0.001000s ]
INFO: [ app_begin ] --START--
INFO: Run Behavior\ReadHtmlCacheBehavior [ RunTime:0.001000s ]
INFO: [ app_begin ] --END-- [ RunTime:0.001000s ]
SQL: SHOW COLUMNS FROM `admin_name` [ RunTime:0.0190s ]
SQL: SELECT COUNT(*) AS tp_count FROM `admin_name` LIMIT 1   [ RunTime:0.0000s ]
SQL: SELECT COUNT(*) AS tp_count FROM `admin_name` WHERE (  time >= '1510156800' ) LIMIT 1   [ RunTime:0.0010s ]
SQL: SELECT COUNT(*) AS tp_count FROM `admin_name` WHERE (  time >='1510070400' ) LIMIT 1   [ RunTime:0.0000s ]
SQL: SELECT COUNT(*) AS tp_count FROM `admin_name` WHERE (  time >='1509897600' ) LIMIT 1   [ RunTime:0.0010s ]
SQL: SELECT COUNT(*) AS tp_count FROM `admin_name` WHERE (  time >='1509465600' ) LIMIT 1   [ RunTime:0.0000s ]
SQL: SHOW COLUMNS FROM `admin_column_class` [ RunTime:0.0210s ]
SQL: SELECT COUNT(*) AS tp_count FROM `admin_column_class` LIMIT 1   [ RunTime:0.0000s ]
SQL: SELECT COUNT(*) AS tp_count FROM `admin_column_class` WHERE (  class_time >='1510156800' ) LIMIT 1   [ RunTime:0.0000s ]
SQL: SELECT COUNT(*) AS tp_count FROM `admin_column_class` WHERE (  class_time >='1510070400' ) LIMIT 1   [ RunTime:0.0010s ]
SQL: SELECT COUNT(*) AS tp_count FROM `admin_column_class` WHERE (  class_time >='1509897600' ) LIMIT 1   [ RunTime:0.0000s ]
SQL: SELECT COUNT(*) AS tp_count FROM `admin_column_class` WHERE (  class_time >='1509465600' ) LIMIT 1   [ RunTime:0.0010s ]
SQL: SHOW COLUMNS FROM `admin_image` [ RunTime:0.0160s ]
SQL: SELECT COUNT(*) AS tp_count FROM `admin_image` LIMIT 1   [ RunTime:0.0010s ]
SQL: SELECT COUNT(*) AS tp_count FROM `admin_image` WHERE (  time >= '1510156800' ) LIMIT 1   [ RunTime:0.0000s ]
SQL: SELECT COUNT(*) AS tp_count FROM `admin_image` WHERE (  time >= '1510070400' ) LIMIT 1   [ RunTime:0.0000s ]
SQL: SELECT COUNT(*) AS tp_count FROM `admin_image` WHERE (  time >= '1509897600' ) LIMIT 1   [ RunTime:0.0010s ]
SQL: SELECT COUNT(*) AS tp_count FROM `admin_image` WHERE (  time >= '1509465600' ) LIMIT 1   [ RunTime:0.0000s ]
SQL: SHOW COLUMNS FROM `admin_feedback` [ RunTime:0.0200s ]
SQL: SELECT COUNT(*) AS tp_count FROM `admin_feedback` LIMIT 1   [ RunTime:0.0000s ]
SQL: SELECT COUNT(*) AS tp_count FROM `admin_feedback` WHERE (  time >= '1510156800' ) LIMIT 1   [ RunTime:0.0020s ]
SQL: SELECT COUNT(*) AS tp_count FROM `admin_feedback` WHERE (  time >= '1510070400' ) LIMIT 1   [ RunTime:0.0000s ]
SQL: SELECT COUNT(*) AS tp_count FROM `admin_feedback` WHERE (  time >= '1509897600' ) LIMIT 1   [ RunTime:0.0010s ]
SQL: SELECT COUNT(*) AS tp_count FROM `admin_feedback` WHERE (  time >= '1509465600' ) LIMIT 1   [ RunTime:0.0000s ]
SQL: SHOW COLUMNS FROM `admin_information` [ RunTime:0.0290s ]
SQL: SELECT COUNT(*) AS tp_count FROM `admin_information` LIMIT 1   [ RunTime:0.0010s ]
SQL: SELECT COUNT(*) AS tp_count FROM `admin_information` WHERE (  information_time >='1510156800' ) LIMIT 1   [ RunTime:0.0000s ]
SQL: SELECT COUNT(*) AS tp_count FROM `admin_information` WHERE (  information_time >='1510070400' ) LIMIT 1   [ RunTime:0.0010s ]
SQL: SELECT COUNT(*) AS tp_count FROM `admin_information` WHERE (  information_time >='1509897600' ) LIMIT 1   [ RunTime:0.0000s ]
SQL: SELECT COUNT(*) AS tp_count FROM `admin_information` WHERE (  information_time >='1509465600' ) LIMIT 1   [ RunTime:0.0000s ]
INFO: [ view_parse ] --START--
INFO: [ template_filter ] --START--
INFO: Run Behavior\ContentReplaceBehavior [ RunTime:0.001000s ]
INFO: [ template_filter ] --END-- [ RunTime:0.001000s ]
NOTIC: [8] Undefined offset: 1 D:\xampp\htdocs\saide\RuntimeCache\Admin\13d526d0a9c0be4af262c5dc5411dfd6.php 第 149 行.
NOTIC: [8] Undefined index: PROCESSOR_IDENTIFIER D:\xampp\htdocs\saide\RuntimeCache\Admin\13d526d0a9c0be4af262c5dc5411dfd6.php 第 157 行.
INFO: Run Behavior\ParseTemplateBehavior [ RunTime:0.035002s ]
INFO: [ view_parse ] --END-- [ RunTime:0.035002s ]
INFO: [ view_filter ] --START--
INFO: Run Behavior\WriteHtmlCacheBehavior [ RunTime:0.001000s ]
INFO: [ view_filter ] --END-- [ RunTime:0.001000s ]
INFO: [ app_end ] --START--
INFO: Run Behavior\ShowPageTraceBehavior [ RunTime:0.001000s ]
INFO: [ app_end ] --END-- [ RunTime:0.001000s ]

[ 2017-11-09T12:33:02+08:00 ] ::1 /saide/admin.php/System/system_base.html
INFO: [ app_init ] --START--
INFO: Run Behavior\BuildLiteBehavior [ RunTime:0.000000s ]
INFO: [ app_init ] --END-- [ RunTime:0.000000s ]
INFO: [ app_begin ] --START--
INFO: Run Behavior\ReadHtmlCacheBehavior [ RunTime:0.000000s ]
INFO: [ app_begin ] --END-- [ RunTime:0.000000s ]
INFO: [ view_parse ] --START--
INFO: [ template_filter ] --START--
INFO: Run Behavior\ContentReplaceBehavior [ RunTime:0.000000s ]
INFO: [ template_filter ] --END-- [ RunTime:0.000000s ]
INFO: Run Behavior\ParseTemplateBehavior [ RunTime:0.025001s ]
INFO: [ view_parse ] --END-- [ RunTime:0.025001s ]
INFO: [ view_filter ] --START--
INFO: Run Behavior\WriteHtmlCacheBehavior [ RunTime:0.000000s ]
INFO: [ view_filter ] --END-- [ RunTime:0.000000s ]
INFO: [ app_end ] --START--
INFO: Run Behavior\ShowPageTraceBehavior [ RunTime:0.001000s ]
INFO: [ app_end ] --END-- [ RunTime:0.001000s ]

[ 2017-11-09T12:33:04+08:00 ] ::1 /saide/admin.php/System/system_url_lists.html
INFO: [ app_init ] --START--
INFO: Run Behavior\BuildLiteBehavior [ RunTime:0.000000s ]
INFO: [ app_init ] --END-- [ RunTime:0.000000s ]
INFO: [ app_begin ] --START--
INFO: Run Behavior\ReadHtmlCacheBehavior [ RunTime:0.000000s ]
INFO: [ app_begin ] --END-- [ RunTime:0.000000s ]
SQL: SHOW COLUMNS FROM `admin_system_url` [ RunTime:0.0170s ]
SQL: SELECT COUNT(*) AS tp_count FROM `admin_system_url` LIMIT 1   [ RunTime:0.0010s ]
SQL: SELECT * FROM `admin_system_url` ORDER BY id LIMIT 0,10   [ RunTime:0.0000s ]
INFO: [ view_parse ] --START--
INFO: [ template_filter ] --START--
INFO: Run Behavior\ContentReplaceBehavior [ RunTime:0.000000s ]
INFO: [ template_filter ] --END-- [ RunTime:0.000000s ]
INFO: Run Behavior\ParseTemplateBehavior [ RunTime:0.013001s ]
INFO: [ view_parse ] --END-- [ RunTime:0.013001s ]
INFO: [ view_filter ] --START--
INFO: Run Behavior\WriteHtmlCacheBehavior [ RunTime:0.000000s ]
INFO: [ view_filter ] --END-- [ RunTime:0.000000s ]
INFO: [ app_end ] --START--
INFO: Run Behavior\ShowPageTraceBehavior [ RunTime:0.000000s ]
INFO: [ app_end ] --END-- [ RunTime:0.001000s ]

[ 2017-11-09T12:34:06+08:00 ] ::1 /saide/admin.php/System/system_base.html
INFO: [ app_init ] --START--
INFO: Run Behavior\BuildLiteBehavior [ RunTime:0.000000s ]
INFO: [ app_init ] --END-- [ RunTime:0.000000s ]
INFO: [ app_begin ] --START--
INFO: Run Behavior\ReadHtmlCacheBehavior [ RunTime:0.000000s ]
INFO: [ app_begin ] --END-- [ RunTime:0.000000s ]
INFO: [ view_parse ] --START--
INFO: [ template_filter ] --START--
INFO: Run Behavior\ContentReplaceBehavior [ RunTime:0.000000s ]
INFO: [ template_filter ] --END-- [ RunTime:0.000000s ]
INFO: Run Behavior\ParseTemplateBehavior [ RunTime:0.008000s ]
INFO: [ view_parse ] --END-- [ RunTime:0.008000s ]
INFO: [ view_filter ] --START--
INFO: Run Behavior\WriteHtmlCacheBehavior [ RunTime:0.000000s ]
INFO: [ view_filter ] --END-- [ RunTime:0.000000s ]
INFO: [ app_end ] --START--
INFO: Run Behavior\ShowPageTraceBehavior [ RunTime:0.001000s ]
INFO: [ app_end ] --END-- [ RunTime:0.001000s ]

[ 2017-11-09T12:34:40+08:00 ] ::1 /saide/admin.php/System/charts_1.html
INFO: [ app_init ] --START--
INFO: Run Behavior\BuildLiteBehavior [ RunTime:0.001000s ]
INFO: [ app_init ] --END-- [ RunTime:0.002000s ]
INFO: [ app_begin ] --START--
INFO: Run Behavior\ReadHtmlCacheBehavior [ RunTime:0.001000s ]
INFO: [ app_begin ] --END-- [ RunTime:0.001000s ]
SQL: SHOW COLUMNS FROM `admin_information` [ RunTime:0.0220s ]
SQL: SELECT COUNT(*) AS tp_count FROM `admin_information` WHERE ( `information_time` >= 1509638400 AND `information_time` <= 1509724799  ) LIMIT 1   [ RunTime:0.0170s ]
SQL: SHOW COLUMNS FROM `admin_image` [ RunTime:0.0160s ]
SQL: SELECT COUNT(*) AS tp_count FROM `admin_image` WHERE ( `time` >= 1509638400 AND `time` <= 1509724799  ) LIMIT 1   [ RunTime:0.0000s ]
SQL: SHOW COLUMNS FROM `admin_feedback` [ RunTime:0.0150s ]
SQL: SELECT COUNT(*) AS tp_count FROM `admin_feedback` WHERE ( `time` >= 1509638400 AND `time` <= 1509724799  ) LIMIT 1   [ RunTime:0.0000s ]
SQL: SHOW COLUMNS FROM `admin_name` [ RunTime:0.0140s ]
SQL: SELECT COUNT(*) AS tp_count FROM `admin_name` WHERE ( `time` >= 1509638400 AND `time` <= 1509724799  ) LIMIT 1   [ RunTime:0.0000s ]
SQL: SHOW COLUMNS FROM `admin_column_class` [ RunTime:0.0150s ]
SQL: SELECT COUNT(*) AS tp_count FROM `admin_column_class` WHERE ( `class_time` >= 1509638400 AND `class_time` <= 1509724799  ) LIMIT 1   [ RunTime:0.0010s ]
SQL: SELECT COUNT(*) AS tp_count FROM `admin_information` WHERE ( `information_time` >= 1509724800 AND `information_time` <= 1509811199  ) LIMIT 1   [ RunTime:0.0000s ]
SQL: SELECT COUNT(*) AS tp_count FROM `admin_image` WHERE ( `time` >= 1509724800 AND `time` <= 1509811199  ) LIMIT 1   [ RunTime:0.0000s ]
SQL: SELECT COUNT(*) AS tp_count FROM `admin_feedback` WHERE ( `time` >= 1509724800 AND `time` <= 1509811199  ) LIMIT 1   [ RunTime:0.0000s ]
SQL: SELECT COUNT(*) AS tp_count FROM `admin_name` WHERE ( `time` >= 1509724800 AND `time` <= 1509811199  ) LIMIT 1   [ RunTime:0.0000s ]
SQL: SELECT COUNT(*) AS tp_count FROM `admin_column_class` WHERE ( `class_time` >= 1509724800 AND `class_time` <= 1509811199  ) LIMIT 1   [ RunTime:0.0000s ]
SQL: SELECT COUNT(*) AS tp_count FROM `admin_information` WHERE ( `information_time` >= 1509811200 AND `information_time` <= 1509897599  ) LIMIT 1   [ RunTime:0.0010s ]
SQL: SELECT COUNT(*) AS tp_count FROM `admin_image` WHERE ( `time` >= 1509811200 AND `time` <= 1509897599  ) LIMIT 1   [ RunTime:0.0000s ]
SQL: SELECT COUNT(*) AS tp_count FROM `admin_feedback` WHERE ( `time` >= 1509811200 AND `time` <= 1509897599  ) LIMIT 1   [ RunTime:0.0000s ]
SQL: SELECT COUNT(*) AS tp_count FROM `admin_name` WHERE ( `time` >= 1509811200 AND `time` <= 1509897599  ) LIMIT 1   [ RunTime:0.0010s ]
SQL: SELECT COUNT(*) AS tp_count FROM `admin_column_class` WHERE ( `class_time` >= 1509811200 AND `class_time` <= 1509897599  ) LIMIT 1   [ RunTime:0.0000s ]
SQL: SELECT COUNT(*) AS tp_count FROM `admin_information` WHERE ( `information_time` >= 1509897600 AND `information_time` <= 1509983999  ) LIMIT 1   [ RunTime:0.0000s ]
SQL: SELECT COUNT(*) AS tp_count FROM `admin_image` WHERE ( `time` >= 1509897600 AND `time` <= 1509983999  ) LIMIT 1   [ RunTime:0.0010s ]
SQL: SELECT COUNT(*) AS tp_count FROM `admin_feedback` WHERE ( `time` >= 1509897600 AND `time` <= 1509983999  ) LIMIT 1   [ RunTime:0.0000s ]
SQL: SELECT COUNT(*) AS tp_count FROM `admin_name` WHERE ( `time` >= 1509897600 AND `time` <= 1509983999  ) LIMIT 1   [ RunTime:0.0000s ]
SQL: SELECT COUNT(*) AS tp_count FROM `admin_column_class` WHERE ( `class_time` >= 1509897600 AND `class_time` <= 1509983999  ) LIMIT 1   [ RunTime:0.0010s ]
SQL: SELECT COUNT(*) AS tp_count FROM `admin_information` WHERE ( `information_time` >= 1509984000 AND `information_time` <= 1510070399  ) LIMIT 1   [ RunTime:0.0000s ]
SQL: SELECT COUNT(*) AS tp_count FROM `admin_image` WHERE ( `time` >= 1509984000 AND `time` <= 1510070399  ) LIMIT 1   [ RunTime:0.0000s ]
SQL: SELECT COUNT(*) AS tp_count FROM `admin_feedback` WHERE ( `time` >= 1509984000 AND `time` <= 1510070399  ) LIMIT 1   [ RunTime:0.0000s ]
SQL: SELECT COUNT(*) AS tp_count FROM `admin_name` WHERE ( `time` >= 1509984000 AND `time` <= 1510070399  ) LIMIT 1   [ RunTime:0.0010s ]
SQL: SELECT COUNT(*) AS tp_count FROM `admin_column_class` WHERE ( `class_time` >= 1509984000 AND `class_time` <= 1510070399  ) LIMIT 1   [ RunTime:0.0020s ]
SQL: SELECT COUNT(*) AS tp_count FROM `admin_information` WHERE ( `information_time` >= 1510070400 AND `information_time` <= 1510156799  ) LIMIT 1   [ RunTime:0.0000s ]
SQL: SELECT COUNT(*) AS tp_count FROM `admin_image` WHERE ( `time` >= 1510070400 AND `time` <= 1510156799  ) LIMIT 1   [ RunTime:0.0010s ]
SQL: SELECT COUNT(*) AS tp_count FROM `admin_feedback` WHERE ( `time` >= 1510070400 AND `time` <= 1510156799  ) LIMIT 1   [ RunTime:0.0010s ]
SQL: SELECT COUNT(*) AS tp_count FROM `admin_name` WHERE ( `time` >= 1510070400 AND `time` <= 1510156799  ) LIMIT 1   [ RunTime:0.0000s ]
SQL: SELECT COUNT(*) AS tp_count FROM `admin_column_class` WHERE ( `class_time` >= 1510070400 AND `class_time` <= 1510156799  ) LIMIT 1   [ RunTime:0.0010s ]
SQL: SELECT COUNT(*) AS tp_count FROM `admin_information` WHERE ( `information_time` >= 1510156800 AND `information_time` <= 1510243199  ) LIMIT 1   [ RunTime:0.0010s ]
SQL: SELECT COUNT(*) AS tp_count FROM `admin_image` WHERE ( `time` >= 1510156800 AND `time` <= 1510243199  ) LIMIT 1   [ RunTime:0.0010s ]
SQL: SELECT COUNT(*) AS tp_count FROM `admin_feedback` WHERE ( `time` >= 1510156800 AND `time` <= 1510243199  ) LIMIT 1   [ RunTime:0.0000s ]
SQL: SELECT COUNT(*) AS tp_count FROM `admin_name` WHERE ( `time` >= 1510156800 AND `time` <= 1510243199  ) LIMIT 1   [ RunTime:0.0000s ]
SQL: SELECT COUNT(*) AS tp_count FROM `admin_column_class` WHERE ( `class_time` >= 1510156800 AND `class_time` <= 1510243199  ) LIMIT 1   [ RunTime:0.0000s ]
INFO: [ view_parse ] --START--
INFO: [ template_filter ] --START--
INFO: Run Behavior\ContentReplaceBehavior [ RunTime:0.000000s ]
INFO: [ template_filter ] --END-- [ RunTime:0.000000s ]
INFO: Run Behavior\ParseTemplateBehavior [ RunTime:0.028002s ]
INFO: [ view_parse ] --END-- [ RunTime:0.028002s ]
INFO: [ view_filter ] --START--
INFO: Run Behavior\WriteHtmlCacheBehavior [ RunTime:0.000000s ]
INFO: [ view_filter ] --END-- [ RunTime:0.000000s ]
INFO: [ app_end ] --START--
INFO: Run Behavior\ShowPageTraceBehavior [ RunTime:0.001000s ]
INFO: [ app_end ] --END-- [ RunTime:0.001000s ]

[ 2017-11-09T12:34:42+08:00 ] ::1 /saide/admin.php/System/charts_1.html
INFO: [ app_init ] --START--
INFO: Run Behavior\BuildLiteBehavior [ RunTime:0.000000s ]
INFO: [ app_init ] --END-- [ RunTime:0.001000s ]
INFO: [ app_begin ] --START--
INFO: Run Behavior\ReadHtmlCacheBehavior [ RunTime:0.001000s ]
INFO: [ app_begin ] --END-- [ RunTime:0.001000s ]
SQL: SHOW COLUMNS FROM `admin_information` [ RunTime:0.0160s ]
SQL: SELECT COUNT(*) AS tp_count FROM `admin_information` WHERE ( `information_time` >= 1509638400 AND `information_time` <= 1509724799  ) LIMIT 1   [ RunTime:0.0020s ]
SQL: SHOW COLUMNS FROM `admin_image` [ RunTime:0.0130s ]
SQL: SELECT COUNT(*) AS tp_count FROM `admin_image` WHERE ( `time` >= 1509638400 AND `time` <= 1509724799  ) LIMIT 1   [ RunTime:0.0040s ]
SQL: SHOW COLUMNS FROM `admin_feedback` [ RunTime:0.0210s ]
SQL: SELECT COUNT(*) AS tp_count FROM `admin_feedback` WHERE ( `time` >= 1509638400 AND `time` <= 1509724799  ) LIMIT 1   [ RunTime:0.0000s ]
SQL: SHOW COLUMNS FROM `admin_name` [ RunTime:0.0140s ]
SQL: SELECT COUNT(*) AS tp_count FROM `admin_name` WHERE ( `time` >= 1509638400 AND `time` <= 1509724799  ) LIMIT 1   [ RunTime:0.0000s ]
SQL: SHOW COLUMNS FROM `admin_column_class` [ RunTime:0.0140s ]
SQL: SELECT COUNT(*) AS tp_count FROM `admin_column_class` WHERE ( `class_time` >= 1509638400 AND `class_time` <= 1509724799  ) LIMIT 1   [ RunTime:0.0000s ]
SQL: SELECT COUNT(*) AS tp_count FROM `admin_information` WHERE ( `information_time` >= 1509724800 AND `information_time` <= 1509811199  ) LIMIT 1   [ RunTime:0.0000s ]
SQL: SELECT COUNT(*) AS tp_count FROM `admin_image` WHERE ( `time` >= 1509724800 AND `time` <= 1509811199  ) LIMIT 1   [ RunTime:0.0010s ]
SQL: SELECT COUNT(*) AS tp_count FROM `admin_feedback` WHERE ( `time` >= 1509724800 AND `time` <= 1509811199  ) LIMIT 1   [ RunTime:0.0000s ]
SQL: SELECT COUNT(*) AS tp_count FROM `admin_name` WHERE ( `time` >= 1509724800 AND `time` <= 1509811199  ) LIMIT 1   [ RunTime:0.0010s ]
SQL: SELECT COUNT(*) AS tp_count FROM `admin_column_class` WHERE ( `class_time` >= 1509724800 AND `class_time` <= 1509811199  ) LIMIT 1   [ RunTime:0.0000s ]
SQL: SELECT COUNT(*) AS tp_count FROM `admin_information` WHERE ( `information_time` >= 1509811200 AND `information_time` <= 1509897599  ) LIMIT 1   [ RunTime:0.0000s ]
SQL: SELECT COUNT(*) AS tp_count FROM `admin_image` WHERE ( `time` >= 1509811200 AND `time` <= 1509897599  ) LIMIT 1   [ RunTime:0.0000s ]
SQL: SELECT COUNT(*) AS tp_count FROM `admin_feedback` WHERE ( `time` >= 1509811200 AND `time` <= 1509897599  ) LIMIT 1   [ RunTime:0.0000s ]
SQL: SELECT COUNT(*) AS tp_count FROM `admin_name` WHERE ( `time` >= 1509811200 AND `time` <= 1509897599  ) LIMIT 1   [ RunTime:0.0000s ]
SQL: SELECT COUNT(*) AS tp_count FROM `admin_column_class` WHERE ( `class_time` >= 1509811200 AND `class_time` <= 1509897599  ) LIMIT 1   [ RunTime:0.0000s ]
SQL: SELECT COUNT(*) AS tp_count FROM `admin_information` WHERE ( `information_time` >= 1509897600 AND `information_time` <= 1509983999  ) LIMIT 1   [ RunTime:0.0000s ]
SQL: SELECT COUNT(*) AS tp_count FROM `admin_image` WHERE ( `time` >= 1509897600 AND `time` <= 1509983999  ) LIMIT 1   [ RunTime:0.0000s ]
SQL: SELECT COUNT(*) AS tp_count FROM `admin_feedback` WHERE ( `time` >= 1509897600 AND `time` <= 1509983999  ) LIMIT 1   [ RunTime:0.0000s ]
SQL: SELECT COUNT(*) AS tp_count FROM `admin_name` WHERE ( `time` >= 1509897600 AND `time` <= 1509983999  ) LIMIT 1   [ RunTime:0.0000s ]
SQL: SELECT COUNT(*) AS tp_count FROM `admin_column_class` WHERE ( `class_time` >= 1509897600 AND `class_time` <= 1509983999  ) LIMIT 1   [ RunTime:0.0000s ]
SQL: SELECT COUNT(*) AS tp_count FROM `admin_information` WHERE ( `information_time` >= 1509984000 AND `information_time` <= 1510070399  ) LIMIT 1   [ RunTime:0.0000s ]
SQL: SELECT COUNT(*) AS tp_count FROM `admin_image` WHERE ( `time` >= 1509984000 AND `time` <= 1510070399  ) LIMIT 1   [ RunTime:0.0000s ]
SQL: SELECT COUNT(*) AS tp_count FROM `admin_feedback` WHERE ( `time` >= 1509984000 AND `time` <= 1510070399  ) LIMIT 1   [ RunTime:0.0000s ]
SQL: SELECT COUNT(*) AS tp_count FROM `admin_name` WHERE ( `time` >= 1509984000 AND `time` <= 1510070399  ) LIMIT 1   [ RunTime:0.0000s ]
SQL: SELECT COUNT(*) AS tp_count FROM `admin_column_class` WHERE ( `class_time` >= 1509984000 AND `class_time` <= 1510070399  ) LIMIT 1   [ RunTime:0.0000s ]
SQL: SELECT COUNT(*) AS tp_count FROM `admin_information` WHERE ( `information_time` >= 1510070400 AND `information_time` <= 1510156799  ) LIMIT 1   [ RunTime:0.0010s ]
SQL: SELECT COUNT(*) AS tp_count FROM `admin_image` WHERE ( `time` >= 1510070400 AND `time` <= 1510156799  ) LIMIT 1   [ RunTime:0.0000s ]
SQL: SELECT COUNT(*) AS tp_count FROM `admin_feedback` WHERE ( `time` >= 1510070400 AND `time` <= 1510156799  ) LIMIT 1   [ RunTime:0.0010s ]
SQL: SELECT COUNT(*) AS tp_count FROM `admin_name` WHERE ( `time` >= 1510070400 AND `time` <= 1510156799  ) LIMIT 1   [ RunTime:0.0000s ]
SQL: SELECT COUNT(*) AS tp_count FROM `admin_column_class` WHERE ( `class_time` >= 1510070400 AND `class_time` <= 1510156799  ) LIMIT 1   [ RunTime:0.0010s ]
SQL: SELECT COUNT(*) AS tp_count FROM `admin_information` WHERE ( `information_time` >= 1510156800 AND `information_time` <= 1510243199  ) LIMIT 1   [ RunTime:0.0000s ]
SQL: SELECT COUNT(*) AS tp_count FROM `admin_image` WHERE ( `time` >= 1510156800 AND `time` <= 1510243199  ) LIMIT 1   [ RunTime:0.0010s ]
SQL: SELECT COUNT(*) AS tp_count FROM `admin_feedback` WHERE ( `time` >= 1510156800 AND `time` <= 1510243199  ) LIMIT 1   [ RunTime:0.0000s ]
SQL: SELECT COUNT(*) AS tp_count FROM `admin_name` WHERE ( `time` >= 1510156800 AND `time` <= 1510243199  ) LIMIT 1   [ RunTime:0.0010s ]
SQL: SELECT COUNT(*) AS tp_count FROM `admin_column_class` WHERE ( `class_time` >= 1510156800 AND `class_time` <= 1510243199  ) LIMIT 1   [ RunTime:0.0000s ]
INFO: [ view_parse ] --START--
INFO: [ template_filter ] --START--
INFO: Run Behavior\ContentReplaceBehavior [ RunTime:0.000000s ]
INFO: [ template_filter ] --END-- [ RunTime:0.000000s ]
INFO: Run Behavior\ParseTemplateBehavior [ RunTime:0.009001s ]
INFO: [ view_parse ] --END-- [ RunTime:0.009001s ]
INFO: [ view_filter ] --START--
INFO: Run Behavior\WriteHtmlCacheBehavior [ RunTime:0.000000s ]
INFO: [ view_filter ] --END-- [ RunTime:0.000000s ]
INFO: [ app_end ] --START--
INFO: Run Behavior\ShowPageTraceBehavior [ RunTime:0.001000s ]
INFO: [ app_end ] --END-- [ RunTime:0.001000s ]

[ 2017-11-09T12:34:43+08:00 ] ::1 /saide/admin.php/System/charts_1.html
INFO: [ app_init ] --START--
INFO: Run Behavior\BuildLiteBehavior [ RunTime:0.000000s ]
INFO: [ app_init ] --END-- [ RunTime:0.000000s ]
INFO: [ app_begin ] --START--
INFO: Run Behavior\ReadHtmlCacheBehavior [ RunTime:0.000000s ]
INFO: [ app_begin ] --END-- [ RunTime:0.000000s ]
SQL: SHOW COLUMNS FROM `admin_information` [ RunTime:0.0120s ]
SQL: SELECT COUNT(*) AS tp_count FROM `admin_information` WHERE ( `information_time` >= 1509638400 AND `information_time` <= 1509724799  ) LIMIT 1   [ RunTime:0.0010s ]
SQL: SHOW COLUMNS FROM `admin_image` [ RunTime:0.0150s ]
SQL: SELECT COUNT(*) AS tp_count FROM `admin_image` WHERE ( `time` >= 1509638400 AND `time` <= 1509724799  ) LIMIT 1   [ RunTime:0.0000s ]
SQL: SHOW COLUMNS FROM `admin_feedback` [ RunTime:0.0120s ]
SQL: SELECT COUNT(*) AS tp_count FROM `admin_feedback` WHERE ( `time` >= 1509638400 AND `time` <= 1509724799  ) LIMIT 1   [ RunTime:0.0000s ]
SQL: SHOW COLUMNS FROM `admin_name` [ RunTime:0.0170s ]
SQL: SELECT COUNT(*) AS tp_count FROM `admin_name` WHERE ( `time` >= 1509638400 AND `time` <= 1509724799  ) LIMIT 1   [ RunTime:0.0000s ]
SQL: SHOW COLUMNS FROM `admin_column_class` [ RunTime:0.0190s ]
SQL: SELECT COUNT(*) AS tp_count FROM `admin_column_class` WHERE ( `class_time` >= 1509638400 AND `class_time` <= 1509724799  ) LIMIT 1   [ RunTime:0.0050s ]
SQL: SELECT COUNT(*) AS tp_count FROM `admin_information` WHERE ( `information_time` >= 1509724800 AND `information_time` <= 1509811199  ) LIMIT 1   [ RunTime:0.0010s ]
SQL: SELECT COUNT(*) AS tp_count FROM `admin_image` WHERE ( `time` >= 1509724800 AND `time` <= 1509811199  ) LIMIT 1   [ RunTime:0.0000s ]
SQL: SELECT COUNT(*) AS tp_count FROM `admin_feedback` WHERE ( `time` >= 1509724800 AND `time` <= 1509811199  ) LIMIT 1   [ RunTime:0.0010s ]
SQL: SELECT COUNT(*) AS tp_count FROM `admin_name` WHERE ( `time` >= 1509724800 AND `time` <= 1509811199  ) LIMIT 1   [ RunTime:0.0000s ]
SQL: SELECT COUNT(*) AS tp_count FROM `admin_column_class` WHERE ( `class_time` >= 1509724800 AND `class_time` <= 1509811199  ) LIMIT 1   [ RunTime:0.0010s ]
SQL: SELECT COUNT(*) AS tp_count FROM `admin_information` WHERE ( `information_time` >= 1509811200 AND `information_time` <= 1509897599  ) LIMIT 1   [ RunTime:0.0010s ]
SQL: SELECT COUNT(*) AS tp_count FROM `admin_image` WHERE ( `time` >= 1509811200 AND `time` <= 1509897599  ) LIMIT 1   [ RunTime:0.0010s ]
SQL: SELECT COUNT(*) AS tp_count FROM `admin_feedback` WHERE ( `time` >= 1509811200 AND `time` <= 1509897599  ) LIMIT 1   [ RunTime:0.0000s ]
SQL: SELECT COUNT(*) AS tp_count FROM `admin_name` WHERE ( `time` >= 1509811200 AND `time` <= 1509897599  ) LIMIT 1   [ RunTime:0.0010s ]
SQL: SELECT COUNT(*) AS tp_count FROM `admin_column_class` WHERE ( `class_time` >= 1509811200 AND `class_time` <= 1509897599  ) LIMIT 1   [ RunTime:0.0000s ]
SQL: SELECT COUNT(*) AS tp_count FROM `admin_information` WHERE ( `information_time` >= 1509897600 AND `information_time` <= 1509983999  ) LIMIT 1   [ RunTime:0.0010s ]
SQL: SELECT COUNT(*) AS tp_count FROM `admin_image` WHERE ( `time` >= 1509897600 AND `time` <= 1509983999  ) LIMIT 1   [ RunTime:0.0010s ]
SQL: SELECT COUNT(*) AS tp_count FROM `admin_feedback` WHERE ( `time` >= 1509897600 AND `time` <= 1509983999  ) LIMIT 1   [ RunTime:0.0010s ]
SQL: SELECT COUNT(*) AS tp_count FROM `admin_name` WHERE ( `time` >= 1509897600 AND `time` <= 1509983999  ) LIMIT 1   [ RunTime:0.0000s ]
SQL: SELECT COUNT(*) AS tp_count FROM `admin_column_class` WHERE ( `class_time` >= 1509897600 AND `class_time` <= 1509983999  ) LIMIT 1   [ RunTime:0.0000s ]
SQL: SELECT COUNT(*) AS tp_count FROM `admin_information` WHERE ( `information_time` >= 1509984000 AND `information_time` <= 1510070399  ) LIMIT 1   [ RunTime:0.0010s ]
SQL: SELECT COUNT(*) AS tp_count FROM `admin_image` WHERE ( `time` >= 1509984000 AND `time` <= 1510070399  ) LIMIT 1   [ RunTime:0.0000s ]
SQL: SELECT COUNT(*) AS tp_count FROM `admin_feedback` WHERE ( `time` >= 1509984000 AND `time` <= 1510070399  ) LIMIT 1   [ RunTime:0.0000s ]
SQL: SELECT COUNT(*) AS tp_count FROM `admin_name` WHERE ( `time` >= 1509984000 AND `time` <= 1510070399  ) LIMIT 1   [ RunTime:0.0010s ]
SQL: SELECT COUNT(*) AS tp_count FROM `admin_column_class` WHERE ( `class_time` >= 1509984000 AND `class_time` <= 1510070399  ) LIMIT 1   [ RunTime:0.0000s ]
SQL: SELECT COUNT(*) AS tp_count FROM `admin_information` WHERE ( `information_time` >= 1510070400 AND `information_time` <= 1510156799  ) LIMIT 1   [ RunTime:0.0010s ]
SQL: SELECT COUNT(*) AS tp_count FROM `admin_image` WHERE ( `time` >= 1510070400 AND `time` <= 1510156799  ) LIMIT 1   [ RunTime:0.0010s ]
SQL: SELECT COUNT(*) AS tp_count FROM `admin_feedback` WHERE ( `time` >= 1510070400 AND `time` <= 1510156799  ) LIMIT 1   [ RunTime:0.0020s ]
SQL: SELECT COUNT(*) AS tp_count FROM `admin_name` WHERE ( `time` >= 1510070400 AND `time` <= 1510156799  ) LIMIT 1   [ RunTime:0.0000s ]
SQL: SELECT COUNT(*) AS tp_count FROM `admin_column_class` WHERE ( `class_time` >= 1510070400 AND `class_time` <= 1510156799  ) LIMIT 1   [ RunTime:0.0000s ]
SQL: SELECT COUNT(*) AS tp_count FROM `admin_information` WHERE ( `information_time` >= 1510156800 AND `information_time` <= 1510243199  ) LIMIT 1   [ RunTime:0.0010s ]
SQL: SELECT COUNT(*) AS tp_count FROM `admin_image` WHERE ( `time` >= 1510156800 AND `time` <= 1510243199  ) LIMIT 1   [ RunTime:0.0020s ]
SQL: SELECT COUNT(*) AS tp_count FROM `admin_feedback` WHERE ( `time` >= 1510156800 AND `time` <= 1510243199  ) LIMIT 1   [ RunTime:0.0010s ]
SQL: SELECT COUNT(*) AS tp_count FROM `admin_name` WHERE ( `time` >= 1510156800 AND `time` <= 1510243199  ) LIMIT 1   [ RunTime:0.0000s ]
SQL: SELECT COUNT(*) AS tp_count FROM `admin_column_class` WHERE ( `class_time` >= 1510156800 AND `class_time` <= 1510243199  ) LIMIT 1   [ RunTime:0.0010s ]
INFO: [ view_parse ] --START--
INFO: [ template_filter ] --START--
INFO: Run Behavior\ContentReplaceBehavior [ RunTime:0.000000s ]
INFO: [ template_filter ] --END-- [ RunTime:0.000000s ]
INFO: Run Behavior\ParseTemplateBehavior [ RunTime:0.014001s ]
INFO: [ view_parse ] --END-- [ RunTime:0.014001s ]
INFO: [ view_filter ] --START--
INFO: Run Behavior\WriteHtmlCacheBehavior [ RunTime:0.001000s ]
INFO: [ view_filter ] --END-- [ RunTime:0.001000s ]
INFO: [ app_end ] --START--
INFO: Run Behavior\ShowPageTraceBehavior [ RunTime:0.000000s ]
INFO: [ app_end ] --END-- [ RunTime:0.000000s ]

[ 2017-11-09T12:34:50+08:00 ] ::1 /saide/admin.php/System/charts_1.html
INFO: [ app_init ] --START--
INFO: Run Behavior\BuildLiteBehavior [ RunTime:0.000000s ]
INFO: [ app_init ] --END-- [ RunTime:0.000000s ]
INFO: [ app_begin ] --START--
INFO: Run Behavior\ReadHtmlCacheBehavior [ RunTime:0.000000s ]
INFO: [ app_begin ] --END-- [ RunTime:0.000000s ]
SQL: SHOW COLUMNS FROM `admin_information` [ RunTime:0.0130s ]
SQL: SELECT COUNT(*) AS tp_count FROM `admin_information` WHERE ( `information_time` >= 1509638400 AND `information_time` <= 1509724799  ) LIMIT 1   [ RunTime:0.0010s ]
SQL: SHOW COLUMNS FROM `admin_image` [ RunTime:0.0110s ]
SQL: SELECT COUNT(*) AS tp_count FROM `admin_image` WHERE ( `time` >= 1509638400 AND `time` <= 1509724799  ) LIMIT 1   [ RunTime:0.0010s ]
SQL: SHOW COLUMNS FROM `admin_feedback` [ RunTime:0.0120s ]
SQL: SELECT COUNT(*) AS tp_count FROM `admin_feedback` WHERE ( `time` >= 1509638400 AND `time` <= 1509724799  ) LIMIT 1   [ RunTime:0.0000s ]
SQL: SHOW COLUMNS FROM `admin_name` [ RunTime:0.0120s ]
SQL: SELECT COUNT(*) AS tp_count FROM `admin_name` WHERE ( `time` >= 1509638400 AND `time` <= 1509724799  ) LIMIT 1   [ RunTime:0.0000s ]
SQL: SHOW COLUMNS FROM `admin_column_class` [ RunTime:0.0110s ]
SQL: SELECT COUNT(*) AS tp_count FROM `admin_column_class` WHERE ( `class_time` >= 1509638400 AND `class_time` <= 1509724799  ) LIMIT 1   [ RunTime:0.0010s ]
SQL: SELECT COUNT(*) AS tp_count FROM `admin_information` WHERE ( `information_time` >= 1509724800 AND `information_time` <= 1509811199  ) LIMIT 1   [ RunTime:0.0000s ]
SQL: SELECT COUNT(*) AS tp_count FROM `admin_image` WHERE ( `time` >= 1509724800 AND `time` <= 1509811199  ) LIMIT 1   [ RunTime:0.0000s ]
SQL: SELECT COUNT(*) AS tp_count FROM `admin_feedback` WHERE ( `time` >= 1509724800 AND `time` <= 1509811199  ) LIMIT 1   [ RunTime:0.0000s ]
SQL: SELECT COUNT(*) AS tp_count FROM `admin_name` WHERE ( `time` >= 1509724800 AND `time` <= 1509811199  ) LIMIT 1   [ RunTime:0.0000s ]
SQL: SELECT COUNT(*) AS tp_count FROM `admin_column_class` WHERE ( `class_time` >= 1509724800 AND `class_time` <= 1509811199  ) LIMIT 1   [ RunTime:0.0000s ]
SQL: SELECT COUNT(*) AS tp_count FROM `admin_information` WHERE ( `information_time` >= 1509811200 AND `information_time` <= 1509897599  ) LIMIT 1   [ RunTime:0.0000s ]
SQL: SELECT COUNT(*) AS tp_count FROM `admin_image` WHERE ( `time` >= 1509811200 AND `time` <= 1509897599  ) LIMIT 1   [ RunTime:0.0000s ]
SQL: SELECT COUNT(*) AS tp_count FROM `admin_feedback` WHERE ( `time` >= 1509811200 AND `time` <= 1509897599  ) LIMIT 1   [ RunTime:0.0000s ]
SQL: SELECT COUNT(*) AS tp_count FROM `admin_name` WHERE ( `time` >= 1509811200 AND `time` <= 1509897599  ) LIMIT 1   [ RunTime:0.0000s ]
SQL: SELECT COUNT(*) AS tp_count FROM `admin_column_class` WHERE ( `class_time` >= 1509811200 AND `class_time` <= 1509897599  ) LIMIT 1   [ RunTime:0.0000s ]
SQL: SELECT COUNT(*) AS tp_count FROM `admin_information` WHERE ( `information_time` >= 1509897600 AND `information_time` <= 1509983999  ) LIMIT 1   [ RunTime:0.0000s ]
SQL: SELECT COUNT(*) AS tp_count FROM `admin_image` WHERE ( `time` >= 1509897600 AND `time` <= 1509983999  ) LIMIT 1   [ RunTime:0.0000s ]
SQL: SELECT COUNT(*) AS tp_count FROM `admin_feedback` WHERE ( `time` >= 1509897600 AND `time` <= 1509983999  ) LIMIT 1   [ RunTime:0.0000s ]
SQL: SELECT COUNT(*) AS tp_count FROM `admin_name` WHERE ( `time` >= 1509897600 AND `time` <= 1509983999  ) LIMIT 1   [ RunTime:0.0000s ]
SQL: SELECT COUNT(*) AS tp_count FROM `admin_column_class` WHERE ( `class_time` >= 1509897600 AND `class_time` <= 1509983999  ) LIMIT 1   [ RunTime:0.0000s ]
SQL: SELECT COUNT(*) AS tp_count FROM `admin_information` WHERE ( `information_time` >= 1509984000 AND `information_time` <= 1510070399  ) LIMIT 1   [ RunTime:0.0000s ]
SQL: SELECT COUNT(*) AS tp_count FROM `admin_image` WHERE ( `time` >= 1509984000 AND `time` <= 1510070399  ) LIMIT 1   [ RunTime:0.0000s ]
SQL: SELECT COUNT(*) AS tp_count FROM `admin_feedback` WHERE ( `time` >= 1509984000 AND `time` <= 1510070399  ) LIMIT 1   [ RunTime:0.0000s ]
SQL: SELECT COUNT(*) AS tp_count FROM `admin_name` WHERE ( `time` >= 1509984000 AND `time` <= 1510070399  ) LIMIT 1   [ RunTime:0.0000s ]
SQL: SELECT COUNT(*) AS tp_count FROM `admin_column_class` WHERE ( `class_time` >= 1509984000 AND `class_time` <= 1510070399  ) LIMIT 1   [ RunTime:0.0000s ]
SQL: SELECT COUNT(*) AS tp_count FROM `admin_information` WHERE ( `information_time` >= 1510070400 AND `information_time` <= 1510156799  ) LIMIT 1   [ RunTime:0.0010s ]
SQL: SELECT COUNT(*) AS tp_count FROM `admin_image` WHERE ( `time` >= 1510070400 AND `time` <= 1510156799  ) LIMIT 1   [ RunTime:0.0000s ]
SQL: SELECT COUNT(*) AS tp_count FROM `admin_feedback` WHERE ( `time` >= 1510070400 AND `time` <= 1510156799  ) LIMIT 1   [ RunTime:0.0000s ]
SQL: SELECT COUNT(*) AS tp_count FROM `admin_name` WHERE ( `time` >= 1510070400 AND `time` <= 1510156799  ) LIMIT 1   [ RunTime:0.0010s ]
SQL: SELECT COUNT(*) AS tp_count FROM `admin_column_class` WHERE ( `class_time` >= 1510070400 AND `class_time` <= 1510156799  ) LIMIT 1   [ RunTime:0.0000s ]
SQL: SELECT COUNT(*) AS tp_count FROM `admin_information` WHERE ( `information_time` >= 1510156800 AND `information_time` <= 1510243199  ) LIMIT 1   [ RunTime:0.0000s ]
SQL: SELECT COUNT(*) AS tp_count FROM `admin_image` WHERE ( `time` >= 1510156800 AND `time` <= 1510243199  ) LIMIT 1   [ RunTime:0.0010s ]
SQL: SELECT COUNT(*) AS tp_count FROM `admin_feedback` WHERE ( `time` >= 1510156800 AND `time` <= 1510243199  ) LIMIT 1   [ RunTime:0.0000s ]
SQL: SELECT COUNT(*) AS tp_count FROM `admin_name` WHERE ( `time` >= 1510156800 AND `time` <= 1510243199  ) LIMIT 1   [ RunTime:0.0000s ]
SQL: SELECT COUNT(*) AS tp_count FROM `admin_column_class` WHERE ( `class_time` >= 1510156800 AND `class_time` <= 1510243199  ) LIMIT 1   [ RunTime:0.0000s ]
INFO: [ view_parse ] --START--
INFO: [ template_filter ] --START--
INFO: Run Behavior\ContentReplaceBehavior [ RunTime:0.000000s ]
INFO: [ template_filter ] --END-- [ RunTime:0.000000s ]
INFO: Run Behavior\ParseTemplateBehavior [ RunTime:0.008000s ]
INFO: [ view_parse ] --END-- [ RunTime:0.008000s ]
INFO: [ view_filter ] --START--
INFO: Run Behavior\WriteHtmlCacheBehavior [ RunTime:0.000000s ]
INFO: [ view_filter ] --END-- [ RunTime:0.000000s ]
INFO: [ app_end ] --START--
INFO: Run Behavior\ShowPageTraceBehavior [ RunTime:0.001000s ]
INFO: [ app_end ] --END-- [ RunTime:0.001000s ]

[ 2017-11-09T12:34:51+08:00 ] ::1 /saide/admin.php/System/charts_1.html
INFO: [ app_init ] --START--
INFO: Run Behavior\BuildLiteBehavior [ RunTime:0.000000s ]
INFO: [ app_init ] --END-- [ RunTime:0.000000s ]
INFO: [ app_begin ] --START--
INFO: Run Behavior\ReadHtmlCacheBehavior [ RunTime:0.000000s ]
INFO: [ app_begin ] --END-- [ RunTime:0.000000s ]
SQL: SHOW COLUMNS FROM `admin_information` [ RunTime:0.0160s ]
SQL: SELECT COUNT(*) AS tp_count FROM `admin_information` WHERE ( `information_time` >= 1509638400 AND `information_time` <= 1509724799  ) LIMIT 1   [ RunTime:0.0000s ]
SQL: SHOW COLUMNS FROM `admin_image` [ RunTime:0.0170s ]
SQL: SELECT COUNT(*) AS tp_count FROM `admin_image` WHERE ( `time` >= 1509638400 AND `time` <= 1509724799  ) LIMIT 1   [ RunTime:0.0010s ]
SQL: SHOW COLUMNS FROM `admin_feedback` [ RunTime:0.0110s ]
SQL: SELECT COUNT(*) AS tp_count FROM `admin_feedback` WHERE ( `time` >= 1509638400 AND `time` <= 1509724799  ) LIMIT 1   [ RunTime:0.0000s ]
SQL: SHOW COLUMNS FROM `admin_name` [ RunTime:0.0140s ]
SQL: SELECT COUNT(*) AS tp_count FROM `admin_name` WHERE ( `time` >= 1509638400 AND `time` <= 1509724799  ) LIMIT 1   [ RunTime:0.0010s ]
SQL: SHOW COLUMNS FROM `admin_column_class` [ RunTime:0.0210s ]
SQL: SELECT COUNT(*) AS tp_count FROM `admin_column_class` WHERE ( `class_time` >= 1509638400 AND `class_time` <= 1509724799  ) LIMIT 1   [ RunTime:0.0000s ]
SQL: SELECT COUNT(*) AS tp_count FROM `admin_information` WHERE ( `information_time` >= 1509724800 AND `information_time` <= 1509811199  ) LIMIT 1   [ RunTime:0.0010s ]
SQL: SELECT COUNT(*) AS tp_count FROM `admin_image` WHERE ( `time` >= 1509724800 AND `time` <= 1509811199  ) LIMIT 1   [ RunTime:0.0010s ]
SQL: SELECT COUNT(*) AS tp_count FROM `admin_feedback` WHERE ( `time` >= 1509724800 AND `time` <= 1509811199  ) LIMIT 1   [ RunTime:0.0000s ]
SQL: SELECT COUNT(*) AS tp_count FROM `admin_name` WHERE ( `time` >= 1509724800 AND `time` <= 1509811199  ) LIMIT 1   [ RunTime:0.0010s ]
SQL: SELECT COUNT(*) AS tp_count FROM `admin_column_class` WHERE ( `class_time` >= 1509724800 AND `class_time` <= 1509811199  ) LIMIT 1   [ RunTime:0.0000s ]
SQL: SELECT COUNT(*) AS tp_count FROM `admin_information` WHERE ( `information_time` >= 1509811200 AND `information_time` <= 1509897599  ) LIMIT 1   [ RunTime:0.0010s ]
SQL: SELECT COUNT(*) AS tp_count FROM `admin_image` WHERE ( `time` >= 1509811200 AND `time` <= 1509897599  ) LIMIT 1   [ RunTime:0.0010s ]
SQL: SELECT COUNT(*) AS tp_count FROM `admin_feedback` WHERE ( `time` >= 1509811200 AND `time` <= 1509897599  ) LIMIT 1   [ RunTime:0.0000s ]
SQL: SELECT COUNT(*) AS tp_count FROM `admin_name` WHERE ( `time` >= 1509811200 AND `time` <= 1509897599  ) LIMIT 1   [ RunTime:0.0010s ]
SQL: SELECT COUNT(*) AS tp_count FROM `admin_column_class` WHERE ( `class_time` >= 1509811200 AND `class_time` <= 1509897599  ) LIMIT 1   [ RunTime:0.0000s ]
SQL: SELECT COUNT(*) AS tp_count FROM `admin_information` WHERE ( `information_time` >= 1509897600 AND `information_time` <= 1509983999  ) LIMIT 1   [ RunTime:0.0010s ]
SQL: SELECT COUNT(*) AS tp_count FROM `admin_image` WHERE ( `time` >= 1509897600 AND `time` <= 1509983999  ) LIMIT 1   [ RunTime:0.0000s ]
SQL: SELECT COUNT(*) AS tp_count FROM `admin_feedback` WHERE ( `time` >= 1509897600 AND `time` <= 1509983999  ) LIMIT 1   [ RunTime:0.0010s ]
SQL: SELECT COUNT(*) AS tp_count FROM `admin_name` WHERE ( `time` >= 1509897600 AND `time` <= 1509983999  ) LIMIT 1   [ RunTime:0.0010s ]
SQL: SELECT COUNT(*) AS tp_count FROM `admin_column_class` WHERE ( `class_time` >= 1509897600 AND `class_time` <= 1509983999  ) LIMIT 1   [ RunTime:0.0000s ]
SQL: SELECT COUNT(*) AS tp_count FROM `admin_information` WHERE ( `information_time` >= 1509984000 AND `information_time` <= 1510070399  ) LIMIT 1   [ RunTime:0.0010s ]
SQL: SELECT COUNT(*) AS tp_count FROM `admin_image` WHERE ( `time` >= 1509984000 AND `time` <= 1510070399  ) LIMIT 1   [ RunTime:0.0000s ]
SQL: SELECT COUNT(*) AS tp_count FROM `admin_feedback` WHERE ( `time` >= 1509984000 AND `time` <= 1510070399  ) LIMIT 1   [ RunTime:0.0000s ]
SQL: SELECT COUNT(*) AS tp_count FROM `admin_name` WHERE ( `time` >= 1509984000 AND `time` <= 1510070399  ) LIMIT 1   [ RunTime:0.0000s ]
SQL: SELECT COUNT(*) AS tp_count FROM `admin_column_class` WHERE ( `class_time` >= 1509984000 AND `class_time` <= 1510070399  ) LIMIT 1   [ RunTime:0.0010s ]
SQL: SELECT COUNT(*) AS tp_count FROM `admin_information` WHERE ( `information_time` >= 1510070400 AND `information_time` <= 1510156799  ) LIMIT 1   [ RunTime:0.0010s ]
SQL: SELECT COUNT(*) AS tp_count FROM `admin_image` WHERE ( `time` >= 1510070400 AND `time` <= 1510156799  ) LIMIT 1   [ RunTime:0.0000s ]
SQL: SELECT COUNT(*) AS tp_count FROM `admin_feedback` WHERE ( `time` >= 1510070400 AND `time` <= 1510156799  ) LIMIT 1   [ RunTime:0.0000s ]
SQL: SELECT COUNT(*) AS tp_count FROM `admin_name` WHERE ( `time` >= 1510070400 AND `time` <= 1510156799  ) LIMIT 1   [ RunTime:0.0010s ]
SQL: SELECT COUNT(*) AS tp_count FROM `admin_column_class` WHERE ( `class_time` >= 1510070400 AND `class_time` <= 1510156799  ) LIMIT 1   [ RunTime:0.0000s ]
SQL: SELECT COUNT(*) AS tp_count FROM `admin_information` WHERE ( `information_time` >= 1510156800 AND `information_time` <= 1510243199  ) LIMIT 1   [ RunTime:0.0010s ]
SQL: SELECT COUNT(*) AS tp_count FROM `admin_image` WHERE ( `time` >= 1510156800 AND `time` <= 1510243199  ) LIMIT 1   [ RunTime:0.0010s ]
SQL: SELECT COUNT(*) AS tp_count FROM `admin_feedback` WHERE ( `time` >= 1510156800 AND `time` <= 1510243199  ) LIMIT 1   [ RunTime:0.0000s ]
SQL: SELECT COUNT(*) AS tp_count FROM `admin_name` WHERE ( `time` >= 1510156800 AND `time` <= 1510243199  ) LIMIT 1   [ RunTime:0.0010s ]
SQL: SELECT COUNT(*) AS tp_count FROM `admin_column_class` WHERE ( `class_time` >= 1510156800 AND `class_time` <= 1510243199  ) LIMIT 1   [ RunTime:0.0000s ]
INFO: [ view_parse ] --START--
INFO: [ template_filter ] --START--
INFO: Run Behavior\ContentReplaceBehavior [ RunTime:0.000000s ]
INFO: [ template_filter ] --END-- [ RunTime:0.000000s ]
INFO: Run Behavior\ParseTemplateBehavior [ RunTime:0.011001s ]
INFO: [ view_parse ] --END-- [ RunTime:0.012001s ]
INFO: [ view_filter ] --START--
INFO: Run Behavior\WriteHtmlCacheBehavior [ RunTime:0.000000s ]
INFO: [ view_filter ] --END-- [ RunTime:0.000000s ]
INFO: [ app_end ] --START--
INFO: Run Behavior\ShowPageTraceBehavior [ RunTime:0.001000s ]
INFO: [ app_end ] --END-- [ RunTime:0.001000s ]

[ 2017-11-09T12:35:16+08:00 ] ::1 /saide/admin.php/Information/information_cate_lists.html
INFO: [ app_init ] --START--
INFO: Run Behavior\BuildLiteBehavior [ RunTime:0.000000s ]
INFO: [ app_init ] --END-- [ RunTime:0.001000s ]
INFO: [ app_begin ] --START--
INFO: Run Behavior\ReadHtmlCacheBehavior [ RunTime:0.001001s ]
INFO: [ app_begin ] --END-- [ RunTime:0.001001s ]
SQL: SHOW COLUMNS FROM `admin_information_cate` [ RunTime:0.0140s ]
SQL: SELECT COUNT(*) AS tp_count FROM `admin_information_cate` LIMIT 1   [ RunTime:0.0020s ]
SQL: SELECT * FROM `admin_information_cate` ORDER BY id LIMIT 0,10   [ RunTime:0.0010s ]
INFO: [ view_parse ] --START--
INFO: [ template_filter ] --START--
INFO: Run Behavior\ContentReplaceBehavior [ RunTime:0.001000s ]
INFO: [ template_filter ] --END-- [ RunTime:0.001000s ]
INFO: Run Behavior\ParseTemplateBehavior [ RunTime:0.026001s ]
INFO: [ view_parse ] --END-- [ RunTime:0.026001s ]
INFO: [ view_filter ] --START--
INFO: Run Behavior\WriteHtmlCacheBehavior [ RunTime:0.001000s ]
INFO: [ view_filter ] --END-- [ RunTime:0.001000s ]
INFO: [ app_end ] --START--
INFO: Run Behavior\ShowPageTraceBehavior [ RunTime:0.001000s ]
INFO: [ app_end ] --END-- [ RunTime:0.001000s ]

[ 2017-11-09T12:35:17+08:00 ] ::1 /saide/admin.php/Information/information_lists.html
INFO: [ app_init ] --START--
INFO: Run Behavior\BuildLiteBehavior [ RunTime:0.000000s ]
INFO: [ app_init ] --END-- [ RunTime:0.002000s ]
INFO: [ app_begin ] --START--
INFO: Run Behavior\ReadHtmlCacheBehavior [ RunTime:0.002000s ]
INFO: [ app_begin ] --END-- [ RunTime:0.002000s ]
SQL: SHOW COLUMNS FROM `admin_information` [ RunTime:0.0160s ]
SQL: SELECT COUNT(*) AS tp_count FROM `admin_information` LIMIT 1   [ RunTime:0.0010s ]
SQL: SELECT admin_information. *,admin_information_cate.cate_title FROM `admin_information` INNER JOIN admin_information_cate ON admin_information.uid = admin_information_cate.id  ORDER BY id  LIMIT 0,10   [ RunTime:0.0010s ]
INFO: [ view_parse ] --START--
INFO: [ template_filter ] --START--
INFO: Run Behavior\ContentReplaceBehavior [ RunTime:0.000000s ]
INFO: [ template_filter ] --END-- [ RunTime:0.001000s ]
INFO: Run Behavior\ParseTemplateBehavior [ RunTime:0.028002s ]
INFO: [ view_parse ] --END-- [ RunTime:0.029002s ]
INFO: [ view_filter ] --START--
INFO: Run Behavior\WriteHtmlCacheBehavior [ RunTime:0.000000s ]
INFO: [ view_filter ] --END-- [ RunTime:0.000000s ]
INFO: [ app_end ] --START--
INFO: Run Behavior\ShowPageTraceBehavior [ RunTime:0.001000s ]
INFO: [ app_end ] --END-- [ RunTime:0.001000s ]

