[ 2017-11-10T09:46:04+08:00 ] ::1 /saide/index.php
INFO: [ app_init ] --START--
INFO: Run Behavior\BuildLiteBehavior [ RunTime:0.000000s ]
INFO: [ app_init ] --END-- [ RunTime:0.002000s ]
INFO: [ app_begin ] --START--
INFO: Run Behavior\ReadHtmlCacheBehavior [ RunTime:0.002001s ]
INFO: [ app_begin ] --END-- [ RunTime:0.002001s ]
SQL: SHOW COLUMNS FROM `admin_column_class` [ RunTime:0.0020s ]
SQL: SELECT * FROM `admin_column_class` WHERE `pid` = 1  [ RunTime:0.0000s ]
SQL: SHOW COLUMNS FROM `admin_column_body` [ RunTime:0.0090s ]
SQL: SELECT admin_column_body. *,admin_column_class.class_title FROM `admin_column_body` INNER JOIN admin_column_class ON admin_column_class.id = admin_column_body.uid  WHERE admin_column_class.id = 2 ORDER BY id desc  [ RunTime:0.0020s ]
SQL: SELECT * FROM `admin_column_class` WHERE admin_column_class.id = 2 LIMIT 1   [ RunTime:0.0000s ]
SQL: SELECT * FROM `admin_column_class` WHERE `id` = 0  [ RunTime:0.0000s ]
SQL: SELECT COUNT(*) AS tp_count FROM `admin_column_body` WHERE `uid` = 0 LIMIT 1   [ RunTime:0.0000s ]
SQL: SELECT admin_column_body. *,admin_column_class.class_title FROM `admin_column_body` INNER JOIN admin_column_class ON admin_column_class.id = admin_column_body.uid  WHERE `uid` = '' LIMIT 0,10   [ RunTime:0.0050s ]
SQL: SHOW COLUMNS FROM `admin_system_url` [ RunTime:0.0490s ]
SQL: SELECT * FROM `admin_system_url`  [ RunTime:0.0000s ]
SQL: SHOW COLUMNS FROM `admin_system_base` [ RunTime:0.0310s ]
SQL: SELECT * FROM `admin_system_base` WHERE `id` = 1 LIMIT 1   [ RunTime:0.0010s ]
SQL: SHOW COLUMNS FROM `admin_column_contact` [ RunTime:0.0270s ]
SQL: SELECT * FROM `admin_column_contact` WHERE `id` = 1 LIMIT 1   [ RunTime:0.0010s ]
SQL: SHOW COLUMNS FROM `admin_image` [ RunTime:0.0030s ]
NOTIC: [2] Invalid argument supplied for foreach() D:\xampp\htdocs\saide\ThinkPHP\Library\Think\Db\Driver.class.php 第 504 行.
SQL: SELECT * FROM `admin_image` LIMIT 1   [ RunTime:0.0000s ]
SQL: SHOW COLUMNS FROM `admin_feedback` [ RunTime:0.0360s ]
SQL: SELECT * FROM `admin_feedback` ORDER BY id desc  [ RunTime:0.0010s ]
SQL: SELECT * FROM `admin_image` WHERE `status` = 1 AND `page` = 2  [ RunTime:0.0000s ]
SQL: SELECT * FROM `admin_image` WHERE `status` = 1 AND `page` = 3 LIMIT 1   [ RunTime:0.0010s ]
INFO: [ view_parse ] --START--
INFO: [ template_filter ] --START--
INFO: Run Behavior\ContentReplaceBehavior [ RunTime:0.000000s ]
INFO: [ template_filter ] --END-- [ RunTime:0.000000s ]
INFO: Run Behavior\ParseTemplateBehavior [ RunTime:0.035002s ]
INFO: [ view_parse ] --END-- [ RunTime:0.036002s ]
INFO: [ view_filter ] --START--
INFO: Run Behavior\WriteHtmlCacheBehavior [ RunTime:0.001000s ]
INFO: [ view_filter ] --END-- [ RunTime:0.001000s ]
INFO: [ app_end ] --START--
INFO: Run Behavior\ShowPageTraceBehavior [ RunTime:0.002000s ]
INFO: [ app_end ] --END-- [ RunTime:0.002000s ]

[ 2017-11-10T09:46:04+08:00 ] ::1 /saide/__Desai__/shouye/JS/m.js
INFO: [ app_init ] --START--
INFO: Run Behavior\BuildLiteBehavior [ RunTime:0.000000s ]
INFO: [ app_init ] --END-- [ RunTime:0.001000s ]
INFO: [ app_begin ] --START--
INFO: Run Behavior\ReadHtmlCacheBehavior [ RunTime:0.001000s ]
INFO: [ app_begin ] --END-- [ RunTime:0.001000s ]
ERR: 无法加载控制器:__Desai__

[ 2017-11-10T09:46:05+08:00 ] ::1 /saide/Picture/desai.jpg
INFO: [ app_init ] --START--
INFO: Run Behavior\BuildLiteBehavior [ RunTime:0.000000s ]
INFO: [ app_init ] --END-- [ RunTime:0.001000s ]

[ 2017-11-10T09:46:05+08:00 ] ::1 /saide/Picture/1-150P51GZ25X.jpg
INFO: [ app_init ] --START--
INFO: Run Behavior\BuildLiteBehavior [ RunTime:0.000000s ]
INFO: [ app_init ] --END-- [ RunTime:0.000000s ]

[ 2017-11-10T09:46:05+08:00 ] ::1 /saide/Picture/1-150P51H02V55.jpg
INFO: [ app_init ] --START--
INFO: Run Behavior\BuildLiteBehavior [ RunTime:0.000000s ]
INFO: [ app_init ] --END-- [ RunTime:0.001000s ]

[ 2017-11-10T09:46:05+08:00 ] ::1 /saide/Picture/1-150P51GR5L9.jpg
INFO: [ app_init ] --START--
INFO: Run Behavior\BuildLiteBehavior [ RunTime:0.000000s ]
INFO: [ app_init ] --END-- [ RunTime:0.000000s ]

[ 2017-11-10T09:46:05+08:00 ] ::1 /saide/Picture/1-150P51GHb64.jpg
INFO: [ app_init ] --START--
INFO: Run Behavior\BuildLiteBehavior [ RunTime:0.000000s ]
INFO: [ app_init ] --END-- [ RunTime:0.007000s ]

[ 2017-11-10T09:46:05+08:00 ] ::1 /saide/Picture/1-150P51G6442Z.jpg
INFO: [ app_init ] --START--
INFO: Run Behavior\BuildLiteBehavior [ RunTime:0.000000s ]
INFO: [ app_init ] --END-- [ RunTime:0.004001s ]

[ 2017-11-10T09:46:05+08:00 ] ::1 /saide/Picture/1-150P51G403b8.jpg
INFO: [ app_init ] --START--
INFO: Run Behavior\BuildLiteBehavior [ RunTime:0.000000s ]
INFO: [ app_init ] --END-- [ RunTime:0.000000s ]

[ 2017-11-10T09:46:05+08:00 ] ::1 /saide/Picture/1-150P51G602A1.jpg
INFO: [ app_init ] --START--
INFO: Run Behavior\BuildLiteBehavior [ RunTime:0.000000s ]
INFO: [ app_init ] --END-- [ RunTime:0.000000s ]

[ 2017-11-10T09:46:05+08:00 ] ::1 /saide/Picture/1-150P51G223G0-lp.jpg
INFO: [ app_init ] --START--
INFO: Run Behavior\BuildLiteBehavior [ RunTime:0.000000s ]
INFO: [ app_init ] --END-- [ RunTime:0.001000s ]

[ 2017-11-10T09:46:05+08:00 ] ::1 /saide/Picture/1-150P51G12GS.jpg
INFO: [ app_init ] --START--
INFO: Run Behavior\BuildLiteBehavior [ RunTime:0.000000s ]
INFO: [ app_init ] --END-- [ RunTime:0.001000s ]

[ 2017-11-10T09:46:05+08:00 ] ::1 /saide/Picture/1-150P5160953195-lp.jpg
INFO: [ app_init ] --START--
INFO: Run Behavior\BuildLiteBehavior [ RunTime:0.000000s ]
INFO: [ app_init ] --END-- [ RunTime:0.000000s ]

[ 2017-11-10T09:46:05+08:00 ] ::1 /saide/Picture/1-150P61431312c.jpg
INFO: [ app_init ] --START--
INFO: Run Behavior\BuildLiteBehavior [ RunTime:0.000000s ]
INFO: [ app_init ] --END-- [ RunTime:0.000000s ]

[ 2017-11-10T09:46:05+08:00 ] ::1 /saide/Picture/1-150H9135J80-L.jpg
INFO: [ app_init ] --START--
INFO: Run Behavior\BuildLiteBehavior [ RunTime:0.000000s ]
INFO: [ app_init ] --END-- [ RunTime:0.000000s ]

[ 2017-11-10T09:46:05+08:00 ] ::1 /saide/Picture/1-150P614330G27.png
INFO: [ app_init ] --START--
INFO: Run Behavior\BuildLiteBehavior [ RunTime:0.000000s ]
INFO: [ app_init ] --END-- [ RunTime:0.000000s ]

[ 2017-11-10T09:46:05+08:00 ] ::1 /saide/Picture/1-150P614364a64.jpg
INFO: [ app_init ] --START--
INFO: Run Behavior\BuildLiteBehavior [ RunTime:0.000000s ]
INFO: [ app_init ] --END-- [ RunTime:0.001000s ]

[ 2017-11-10T09:46:05+08:00 ] ::1 /saide/Picture/1-150P6143412G1.jpg
INFO: [ app_init ] --START--
INFO: Run Behavior\BuildLiteBehavior [ RunTime:0.000000s ]
INFO: [ app_init ] --END-- [ RunTime:0.025002s ]

[ 2017-11-10T09:46:05+08:00 ] ::1 /saide/Picture/1-150P6143K3455.jpg
INFO: [ app_init ] --START--
INFO: Run Behavior\BuildLiteBehavior [ RunTime:0.000000s ]
INFO: [ app_init ] --END-- [ RunTime:0.005000s ]


[ 2017-11-10T09:46:05+08:00 ] ::1 /saide/Picture/1-150P6143ZD07.png
INFO: [ app_init ] --START--
INFO: Run Behavior\BuildLiteBehavior [ RunTime:0.000000s ]
INFO: [ app_init ] --END-- [ RunTime:0.001000s ]

[ 2017-11-10T09:46:05+08:00 ] ::1 /saide/Picture/1-150P6144023350.png
INFO: [ app_init ] --START--
INFO: Run Behavior\BuildLiteBehavior [ RunTime:0.000000s ]
INFO: [ app_init ] --END-- [ RunTime:0.000000s ]

[ 2017-11-10T09:46:05+08:00 ] ::1 /saide/Picture/1-150P6143533492.jpg
INFO: [ app_init ] --START--
INFO: Run Behavior\BuildLiteBehavior [ RunTime:0.000000s ]
INFO: [ app_init ] --END-- [ RunTime:0.002000s ]

[ 2017-11-10T09:46:10+08:00 ] ::1 /saide/index.php/Index/read/id/2.html
INFO: [ app_init ] --START--
INFO: Run Behavior\BuildLiteBehavior [ RunTime:0.000000s ]
INFO: [ app_init ] --END-- [ RunTime:0.001000s ]
INFO: [ app_begin ] --START--
INFO: Run Behavior\ReadHtmlCacheBehavior [ RunTime:0.001000s ]
INFO: [ app_begin ] --END-- [ RunTime:0.001000s ]
SQL: SHOW COLUMNS FROM `admin_column_class` [ RunTime:0.0030s ]
SQL: SELECT * FROM `admin_column_class` WHERE `pid` = 1  [ RunTime:0.0000s ]
SQL: SHOW COLUMNS FROM `admin_column_body` [ RunTime:0.0040s ]
SQL: SELECT admin_column_body. *,admin_column_class.class_title FROM `admin_column_body` INNER JOIN admin_column_class ON admin_column_class.id = admin_column_body.uid  WHERE admin_column_class.id = 2 ORDER BY id desc  [ RunTime:0.0010s ]
SQL: SELECT * FROM `admin_column_class` WHERE admin_column_class.id = 2 LIMIT 1   [ RunTime:0.0010s ]
SQL: SELECT * FROM `admin_column_class` WHERE `id` = 2  [ RunTime:0.0000s ]
SQL: SELECT COUNT(*) AS tp_count FROM `admin_column_body` WHERE `uid` = 2 LIMIT 1   [ RunTime:0.0000s ]
SQL: SELECT admin_column_body. *,admin_column_class.class_title FROM `admin_column_body` INNER JOIN admin_column_class ON admin_column_class.id = admin_column_body.uid  WHERE `uid` = '2' LIMIT 0,10   [ RunTime:0.0010s ]
SQL: SHOW COLUMNS FROM `admin_system_url` [ RunTime:0.0040s ]
SQL: SELECT * FROM `admin_system_url`  [ RunTime:0.0000s ]
SQL: SHOW COLUMNS FROM `admin_system_base` [ RunTime:0.0040s ]
SQL: SELECT * FROM `admin_system_base` WHERE `id` = 1 LIMIT 1   [ RunTime:0.0000s ]
SQL: SHOW COLUMNS FROM `admin_column_contact` [ RunTime:0.0020s ]
SQL: SELECT * FROM `admin_column_contact` WHERE `id` = 1 LIMIT 1   [ RunTime:0.0000s ]
SQL: SHOW COLUMNS FROM `admin_image` [ RunTime:0.0030s ]
NOTIC: [2] Invalid argument supplied for foreach() D:\xampp\htdocs\saide\ThinkPHP\Library\Think\Db\Driver.class.php 第 504 行.
SQL: SELECT * FROM `admin_image` LIMIT 1   [ RunTime:0.0010s ]
SQL: SHOW COLUMNS FROM `admin_feedback` [ RunTime:0.0030s ]
SQL: SELECT * FROM `admin_feedback` ORDER BY id desc  [ RunTime:0.0000s ]
SQL: SELECT * FROM `admin_image` WHERE `status` = 1 AND `page` = 2  [ RunTime:0.0000s ]
SQL: SELECT * FROM `admin_image` WHERE `status` = 1 AND `page` = 3 LIMIT 1   [ RunTime:0.0010s ]
INFO: [ view_parse ] --START--
INFO: [ template_filter ] --START--
INFO: Run Behavior\ContentReplaceBehavior [ RunTime:0.000000s ]
INFO: [ template_filter ] --END-- [ RunTime:0.000000s ]
INFO: Run Behavior\ParseTemplateBehavior [ RunTime:0.012000s ]
INFO: [ view_parse ] --END-- [ RunTime:0.012000s ]
INFO: [ view_filter ] --START--
INFO: Run Behavior\WriteHtmlCacheBehavior [ RunTime:0.001001s ]
INFO: [ view_filter ] --END-- [ RunTime:0.001001s ]
INFO: [ app_end ] --START--
INFO: Run Behavior\ShowPageTraceBehavior [ RunTime:0.001000s ]
INFO: [ app_end ] --END-- [ RunTime:0.001000s ]

[ 2017-11-10T09:46:12+08:00 ] ::1 /saide/index.php/Index/read/id/3.html
INFO: [ app_init ] --START--
INFO: Run Behavior\BuildLiteBehavior [ RunTime:0.000000s ]
INFO: [ app_init ] --END-- [ RunTime:0.000000s ]
INFO: [ app_begin ] --START--
INFO: Run Behavior\ReadHtmlCacheBehavior [ RunTime:0.000000s ]
INFO: [ app_begin ] --END-- [ RunTime:0.001000s ]
SQL: SHOW COLUMNS FROM `admin_column_class` [ RunTime:0.0060s ]
SQL: SELECT * FROM `admin_column_class` WHERE `pid` = 1  [ RunTime:0.0040s ]
SQL: SHOW COLUMNS FROM `admin_column_body` [ RunTime:0.0030s ]
SQL: SELECT admin_column_body. *,admin_column_class.class_title FROM `admin_column_body` INNER JOIN admin_column_class ON admin_column_class.id = admin_column_body.uid  WHERE admin_column_class.id = 2 ORDER BY id desc  [ RunTime:0.0010s ]
SQL: SELECT * FROM `admin_column_class` WHERE admin_column_class.id = 2 LIMIT 1   [ RunTime:0.0000s ]
SQL: SELECT * FROM `admin_column_class` WHERE `id` = 3  [ RunTime:0.0000s ]
SQL: SELECT COUNT(*) AS tp_count FROM `admin_column_body` WHERE `uid` = 3 LIMIT 1   [ RunTime:0.0010s ]
SQL: SELECT admin_column_body. *,admin_column_class.class_title FROM `admin_column_body` INNER JOIN admin_column_class ON admin_column_class.id = admin_column_body.uid  WHERE `uid` = '3' LIMIT 0,10   [ RunTime:0.0030s ]
SQL: SHOW COLUMNS FROM `admin_system_url` [ RunTime:0.0060s ]
SQL: SELECT * FROM `admin_system_url`  [ RunTime:0.0000s ]
SQL: SHOW COLUMNS FROM `admin_system_base` [ RunTime:0.0040s ]
SQL: SELECT * FROM `admin_system_base` WHERE `id` = 1 LIMIT 1   [ RunTime:0.0000s ]
SQL: SHOW COLUMNS FROM `admin_column_contact` [ RunTime:0.0030s ]
SQL: SELECT * FROM `admin_column_contact` WHERE `id` = 1 LIMIT 1   [ RunTime:0.0000s ]
SQL: SHOW COLUMNS FROM `admin_image` [ RunTime:0.0060s ]
NOTIC: [2] Invalid argument supplied for foreach() D:\xampp\htdocs\saide\ThinkPHP\Library\Think\Db\Driver.class.php 第 504 行.
SQL: SELECT * FROM `admin_image` LIMIT 1   [ RunTime:0.0000s ]
SQL: SHOW COLUMNS FROM `admin_feedback` [ RunTime:0.0040s ]
SQL: SELECT * FROM `admin_feedback` ORDER BY id desc  [ RunTime:0.0010s ]
SQL: SELECT * FROM `admin_image` WHERE `status` = 1 AND `page` = 2  [ RunTime:0.0010s ]
SQL: SELECT * FROM `admin_image` WHERE `status` = 1 AND `page` = 3 LIMIT 1   [ RunTime:0.0000s ]
INFO: [ view_parse ] --START--
INFO: [ template_filter ] --START--
INFO: Run Behavior\ContentReplaceBehavior [ RunTime:0.001000s ]
INFO: [ template_filter ] --END-- [ RunTime:0.001000s ]
INFO: Run Behavior\ParseTemplateBehavior [ RunTime:0.013000s ]
INFO: [ view_parse ] --END-- [ RunTime:0.013000s ]
INFO: [ view_filter ] --START--
INFO: Run Behavior\WriteHtmlCacheBehavior [ RunTime:0.000000s ]
INFO: [ view_filter ] --END-- [ RunTime:0.000000s ]
INFO: [ app_end ] --START--
INFO: Run Behavior\ShowPageTraceBehavior [ RunTime:0.001000s ]
INFO: [ app_end ] --END-- [ RunTime:0.001000s ]

[ 2017-11-10T09:46:13+08:00 ] ::1 /saide/index.php/Index/read/id/4.html
INFO: [ app_init ] --START--
INFO: Run Behavior\BuildLiteBehavior [ RunTime:0.000000s ]
INFO: [ app_init ] --END-- [ RunTime:0.000000s ]
INFO: [ app_begin ] --START--
INFO: Run Behavior\ReadHtmlCacheBehavior [ RunTime:0.001000s ]
INFO: [ app_begin ] --END-- [ RunTime:0.001000s ]
SQL: SHOW COLUMNS FROM `admin_column_class` [ RunTime:0.0030s ]
SQL: SELECT * FROM `admin_column_class` WHERE `pid` = 1  [ RunTime:0.0010s ]
SQL: SHOW COLUMNS FROM `admin_column_body` [ RunTime:0.0040s ]
SQL: SELECT admin_column_body. *,admin_column_class.class_title FROM `admin_column_body` INNER JOIN admin_column_class ON admin_column_class.id = admin_column_body.uid  WHERE admin_column_class.id = 2 ORDER BY id desc  [ RunTime:0.0020s ]
SQL: SELECT * FROM `admin_column_class` WHERE admin_column_class.id = 2 LIMIT 1   [ RunTime:0.0000s ]
SQL: SELECT * FROM `admin_column_class` WHERE `id` = 4  [ RunTime:0.0000s ]
SQL: SELECT COUNT(*) AS tp_count FROM `admin_column_body` WHERE `uid` = 4 LIMIT 1   [ RunTime:0.0010s ]
SQL: SELECT admin_column_body. *,admin_column_class.class_title FROM `admin_column_body` INNER JOIN admin_column_class ON admin_column_class.id = admin_column_body.uid  WHERE `uid` = '4' LIMIT 0,10   [ RunTime:0.0010s ]
SQL: SHOW COLUMNS FROM `admin_system_url` [ RunTime:0.0050s ]
SQL: SELECT * FROM `admin_system_url`  [ RunTime:0.0010s ]
SQL: SHOW COLUMNS FROM `admin_system_base` [ RunTime:0.0030s ]
SQL: SELECT * FROM `admin_system_base` WHERE `id` = 1 LIMIT 1   [ RunTime:0.0050s ]
SQL: SHOW COLUMNS FROM `admin_column_contact` [ RunTime:0.0040s ]
SQL: SELECT * FROM `admin_column_contact` WHERE `id` = 1 LIMIT 1   [ RunTime:0.0010s ]
SQL: SHOW COLUMNS FROM `admin_image` [ RunTime:0.0030s ]
NOTIC: [2] Invalid argument supplied for foreach() D:\xampp\htdocs\saide\ThinkPHP\Library\Think\Db\Driver.class.php 第 504 行.
SQL: SELECT * FROM `admin_image` LIMIT 1   [ RunTime:0.0020s ]
SQL: SHOW COLUMNS FROM `admin_feedback` [ RunTime:0.0050s ]
SQL: SELECT * FROM `admin_feedback` ORDER BY id desc  [ RunTime:0.0000s ]
SQL: SELECT * FROM `admin_image` WHERE `status` = 1 AND `page` = 2  [ RunTime:0.0000s ]
SQL: SELECT * FROM `admin_image` WHERE `status` = 1 AND `page` = 3 LIMIT 1   [ RunTime:0.0000s ]
INFO: [ view_parse ] --START--
INFO: [ template_filter ] --START--
INFO: Run Behavior\ContentReplaceBehavior [ RunTime:0.000000s ]
INFO: [ template_filter ] --END-- [ RunTime:0.000000s ]
INFO: Run Behavior\ParseTemplateBehavior [ RunTime:0.012001s ]
INFO: [ view_parse ] --END-- [ RunTime:0.012001s ]
INFO: [ view_filter ] --START--
INFO: Run Behavior\WriteHtmlCacheBehavior [ RunTime:0.004000s ]
INFO: [ view_filter ] --END-- [ RunTime:0.004000s ]
INFO: [ app_end ] --START--
INFO: Run Behavior\ShowPageTraceBehavior [ RunTime:0.000000s ]
INFO: [ app_end ] --END-- [ RunTime:0.000000s ]

[ 2017-11-10T09:46:14+08:00 ] ::1 /saide/index.php/Index/read/id/2.html
INFO: [ app_init ] --START--
INFO: Run Behavior\BuildLiteBehavior [ RunTime:0.000000s ]
INFO: [ app_init ] --END-- [ RunTime:0.002000s ]
INFO: [ app_begin ] --START--
INFO: Run Behavior\ReadHtmlCacheBehavior [ RunTime:0.001000s ]
INFO: [ app_begin ] --END-- [ RunTime:0.001000s ]
SQL: SHOW COLUMNS FROM `admin_column_class` [ RunTime:0.0030s ]
SQL: SELECT * FROM `admin_column_class` WHERE `pid` = 1  [ RunTime:0.0000s ]
SQL: SHOW COLUMNS FROM `admin_column_body` [ RunTime:0.0030s ]
SQL: SELECT admin_column_body. *,admin_column_class.class_title FROM `admin_column_body` INNER JOIN admin_column_class ON admin_column_class.id = admin_column_body.uid  WHERE admin_column_class.id = 2 ORDER BY id desc  [ RunTime:0.0000s ]
SQL: SELECT * FROM `admin_column_class` WHERE admin_column_class.id = 2 LIMIT 1   [ RunTime:0.0000s ]
SQL: SELECT * FROM `admin_column_class` WHERE `id` = 2  [ RunTime:0.0000s ]
SQL: SELECT COUNT(*) AS tp_count FROM `admin_column_body` WHERE `uid` = 2 LIMIT 1   [ RunTime:0.0010s ]
SQL: SELECT admin_column_body. *,admin_column_class.class_title FROM `admin_column_body` INNER JOIN admin_column_class ON admin_column_class.id = admin_column_body.uid  WHERE `uid` = '2' LIMIT 0,10   [ RunTime:0.0000s ]
SQL: SHOW COLUMNS FROM `admin_system_url` [ RunTime:0.0040s ]
SQL: SELECT * FROM `admin_system_url`  [ RunTime:0.0010s ]
SQL: SHOW COLUMNS FROM `admin_system_base` [ RunTime:0.0040s ]
SQL: SELECT * FROM `admin_system_base` WHERE `id` = 1 LIMIT 1   [ RunTime:0.0000s ]
SQL: SHOW COLUMNS FROM `admin_column_contact` [ RunTime:0.0030s ]
SQL: SELECT * FROM `admin_column_contact` WHERE `id` = 1 LIMIT 1   [ RunTime:0.0010s ]
SQL: SHOW COLUMNS FROM `admin_image` [ RunTime:0.0030s ]
NOTIC: [2] Invalid argument supplied for foreach() D:\xampp\htdocs\saide\ThinkPHP\Library\Think\Db\Driver.class.php 第 504 行.
SQL: SELECT * FROM `admin_image` LIMIT 1   [ RunTime:0.0010s ]
SQL: SHOW COLUMNS FROM `admin_feedback` [ RunTime:0.0070s ]
SQL: SELECT * FROM `admin_feedback` ORDER BY id desc  [ RunTime:0.0000s ]
SQL: SELECT * FROM `admin_image` WHERE `status` = 1 AND `page` = 2  [ RunTime:0.0010s ]
SQL: SELECT * FROM `admin_image` WHERE `status` = 1 AND `page` = 3 LIMIT 1   [ RunTime:0.0000s ]
INFO: [ view_parse ] --START--
INFO: [ template_filter ] --START--
INFO: Run Behavior\ContentReplaceBehavior [ RunTime:0.000000s ]
INFO: [ template_filter ] --END-- [ RunTime:0.000000s ]
INFO: Run Behavior\ParseTemplateBehavior [ RunTime:0.013001s ]
INFO: [ view_parse ] --END-- [ RunTime:0.013001s ]
INFO: [ view_filter ] --START--
INFO: Run Behavior\WriteHtmlCacheBehavior [ RunTime:0.001000s ]
INFO: [ view_filter ] --END-- [ RunTime:0.001000s ]
INFO: [ app_end ] --START--
INFO: Run Behavior\ShowPageTraceBehavior [ RunTime:0.001000s ]
INFO: [ app_end ] --END-- [ RunTime:0.001000s ]

[ 2017-11-10T09:46:16+08:00 ] ::1 /saide/index.php/Index/body/id/1.html
INFO: [ app_init ] --START--
INFO: Run Behavior\BuildLiteBehavior [ RunTime:0.000000s ]
INFO: [ app_init ] --END-- [ RunTime:0.000000s ]
INFO: [ app_begin ] --START--
INFO: Run Behavior\ReadHtmlCacheBehavior [ RunTime:0.002000s ]
INFO: [ app_begin ] --END-- [ RunTime:0.002000s ]
SQL: SHOW COLUMNS FROM `admin_column_body` [ RunTime:0.0040s ]
SQL: SELECT * FROM `admin_column_body` WHERE `id` = 1  [ RunTime:0.0010s ]
SQL: SELECT * FROM `admin_column_body` WHERE `id` = 1  [ RunTime:0.0010s ]
SQL: SHOW COLUMNS FROM `admin_column_class` [ RunTime:0.0040s ]
SQL: SELECT * FROM `admin_column_class` WHERE `pid` = 1  [ RunTime:0.0000s ]
SQL: SELECT admin_column_body. *,admin_column_class.class_title FROM `admin_column_body` INNER JOIN admin_column_class ON admin_column_class.id = admin_column_body.uid  WHERE admin_column_class.id = 2 ORDER BY id desc  [ RunTime:0.0000s ]
SQL: SELECT * FROM `admin_column_class` WHERE admin_column_class.id = 2 LIMIT 1   [ RunTime:0.0000s ]
SQL: SELECT * FROM `admin_column_class` WHERE `id` = 1  [ RunTime:0.0010s ]
SQL: SELECT COUNT(*) AS tp_count FROM `admin_column_body` WHERE `uid` = 1 LIMIT 1   [ RunTime:0.0010s ]
SQL: SELECT admin_column_body. *,admin_column_class.class_title FROM `admin_column_body` INNER JOIN admin_column_class ON admin_column_class.id = admin_column_body.uid  WHERE `uid` = '1' LIMIT 0,10   [ RunTime:0.0000s ]
SQL: SHOW COLUMNS FROM `admin_system_url` [ RunTime:0.0030s ]
SQL: SELECT * FROM `admin_system_url`  [ RunTime:0.0010s ]
SQL: SHOW COLUMNS FROM `admin_system_base` [ RunTime:0.0050s ]
SQL: SELECT * FROM `admin_system_base` WHERE `id` = 1 LIMIT 1   [ RunTime:0.0000s ]
SQL: SHOW COLUMNS FROM `admin_column_contact` [ RunTime:0.0050s ]
SQL: SELECT * FROM `admin_column_contact` WHERE `id` = 1 LIMIT 1   [ RunTime:0.0010s ]
SQL: SHOW COLUMNS FROM `admin_image` [ RunTime:0.0030s ]
NOTIC: [2] Invalid argument supplied for foreach() D:\xampp\htdocs\saide\ThinkPHP\Library\Think\Db\Driver.class.php 第 504 行.
SQL: SELECT * FROM `admin_image` LIMIT 1   [ RunTime:0.0010s ]
SQL: SHOW COLUMNS FROM `admin_feedback` [ RunTime:0.0060s ]
SQL: SELECT * FROM `admin_feedback` ORDER BY id desc  [ RunTime:0.0010s ]
SQL: SELECT * FROM `admin_image` WHERE `status` = 1 AND `page` = 2  [ RunTime:0.0000s ]
SQL: SELECT * FROM `admin_image` WHERE `status` = 1 AND `page` = 3 LIMIT 1   [ RunTime:0.0010s ]
INFO: [ view_parse ] --START--
INFO: [ template_filter ] --START--
INFO: Run Behavior\ContentReplaceBehavior [ RunTime:0.000000s ]
INFO: [ template_filter ] --END-- [ RunTime:0.000000s ]
INFO: Run Behavior\ParseTemplateBehavior [ RunTime:0.017001s ]
INFO: [ view_parse ] --END-- [ RunTime:0.017001s ]
INFO: [ view_filter ] --START--
INFO: Run Behavior\WriteHtmlCacheBehavior [ RunTime:0.001000s ]
INFO: [ view_filter ] --END-- [ RunTime:0.001000s ]
INFO: [ app_end ] --START--
INFO: Run Behavior\ShowPageTraceBehavior [ RunTime:0.001001s ]
INFO: [ app_end ] --END-- [ RunTime:0.001001s ]

[ 2017-11-10T16:16:35+08:00 ] ::1 /saide./
INFO: [ app_init ] --START--
INFO: Run Behavior\BuildLiteBehavior [ RunTime:0.000000s ]
INFO: [ app_init ] --END-- [ RunTime:0.000000s ]
INFO: [ app_begin ] --START--
INFO: Run Behavior\ReadHtmlCacheBehavior [ RunTime:0.001000s ]
INFO: [ app_begin ] --END-- [ RunTime:0.001000s ]
SQL: SHOW COLUMNS FROM `admin_column_class` [ RunTime:0.0280s ]
SQL: SELECT * FROM `admin_column_class` WHERE `pid` = 1  [ RunTime:0.0030s ]
SQL: SHOW COLUMNS FROM `admin_column_body` [ RunTime:0.0220s ]
SQL: SELECT admin_column_body. *,admin_column_class.class_title FROM `admin_column_body` INNER JOIN admin_column_class ON admin_column_class.id = admin_column_body.uid  WHERE admin_column_class.id = 2 ORDER BY id desc  [ RunTime:0.0030s ]
SQL: SELECT * FROM `admin_column_class` WHERE admin_column_class.id = 2 LIMIT 1   [ RunTime:0.0220s ]
SQL: SELECT * FROM `admin_column_class` WHERE `id` = 0  [ RunTime:0.0080s ]
SQL: SELECT COUNT(*) AS tp_count FROM `admin_column_body` WHERE `uid` = 0 LIMIT 1   [ RunTime:0.0120s ]
SQL: SELECT admin_column_body. *,admin_column_class.class_title FROM `admin_column_body` INNER JOIN admin_column_class ON admin_column_class.id = admin_column_body.uid  WHERE `uid` = '' LIMIT 0,10   [ RunTime:0.0040s ]
SQL: SHOW COLUMNS FROM `admin_system_url` [ RunTime:0.0370s ]
SQL: SELECT * FROM `admin_system_url`  [ RunTime:0.0150s ]
SQL: SHOW COLUMNS FROM `admin_system_base` [ RunTime:0.0390s ]
SQL: SELECT * FROM `admin_system_base` WHERE `id` = 1 LIMIT 1   [ RunTime:0.0070s ]
SQL: SHOW COLUMNS FROM `admin_column_contact` [ RunTime:0.0560s ]
SQL: SELECT * FROM `admin_column_contact` WHERE `id` = 1 LIMIT 1   [ RunTime:0.0090s ]
SQL: SHOW COLUMNS FROM `admin_image` [ RunTime:0.0270s ]
NOTIC: [2] Invalid argument supplied for foreach() D:\xampp\htdocs\saide\ThinkPHP\Library\Think\Db\Driver.class.php 第 504 行.
SQL: SELECT * FROM `admin_image` LIMIT 1   [ RunTime:0.0020s ]
SQL: SHOW COLUMNS FROM `admin_feedback` [ RunTime:0.0320s ]
SQL: SELECT * FROM `admin_feedback` ORDER BY id desc  [ RunTime:0.0010s ]
SQL: SELECT * FROM `admin_image` WHERE `status` = 1 AND `page` = 2  [ RunTime:0.0010s ]
SQL: SELECT * FROM `admin_image` WHERE `status` = 1 AND `page` = 3 LIMIT 1   [ RunTime:0.0010s ]
INFO: [ view_parse ] --START--
INFO: [ template_filter ] --START--
INFO: Run Behavior\ContentReplaceBehavior [ RunTime:0.000000s ]
INFO: [ template_filter ] --END-- [ RunTime:0.000000s ]
INFO: Run Behavior\ParseTemplateBehavior [ RunTime:0.032002s ]
INFO: [ view_parse ] --END-- [ RunTime:0.032002s ]
INFO: [ view_filter ] --START--
INFO: Run Behavior\WriteHtmlCacheBehavior [ RunTime:0.001000s ]
INFO: [ view_filter ] --END-- [ RunTime:0.001000s ]
INFO: [ app_end ] --START--
INFO: Run Behavior\ShowPageTraceBehavior [ RunTime:0.001000s ]
INFO: [ app_end ] --END-- [ RunTime:0.001000s ]

[ 2017-11-10T16:16:46+08:00 ] ::1 /saide./
INFO: [ app_init ] --START--
INFO: Run Behavior\BuildLiteBehavior [ RunTime:0.000000s ]
INFO: [ app_init ] --END-- [ RunTime:0.001000s ]
INFO: [ app_begin ] --START--
INFO: Run Behavior\ReadHtmlCacheBehavior [ RunTime:0.001000s ]
INFO: [ app_begin ] --END-- [ RunTime:0.001000s ]
SQL: SHOW COLUMNS FROM `admin_column_class` [ RunTime:0.0150s ]
SQL: SELECT * FROM `admin_column_class` WHERE `pid` = 1  [ RunTime:0.0000s ]
SQL: SHOW COLUMNS FROM `admin_column_body` [ RunTime:0.0300s ]
SQL: SELECT admin_column_body. *,admin_column_class.class_title FROM `admin_column_body` INNER JOIN admin_column_class ON admin_column_class.id = admin_column_body.uid  WHERE admin_column_class.id = 2 ORDER BY id desc  [ RunTime:0.0010s ]
SQL: SELECT * FROM `admin_column_class` WHERE admin_column_class.id = 2 LIMIT 1   [ RunTime:0.0010s ]
SQL: SELECT * FROM `admin_column_class` WHERE `id` = 0  [ RunTime:0.0000s ]
SQL: SELECT COUNT(*) AS tp_count FROM `admin_column_body` WHERE `uid` = 0 LIMIT 1   [ RunTime:0.0000s ]
SQL: SELECT admin_column_body. *,admin_column_class.class_title FROM `admin_column_body` INNER JOIN admin_column_class ON admin_column_class.id = admin_column_body.uid  WHERE `uid` = '' LIMIT 0,10   [ RunTime:0.0030s ]
SQL: SHOW COLUMNS FROM `admin_system_url` [ RunTime:0.0240s ]
SQL: SELECT * FROM `admin_system_url`  [ RunTime:0.0050s ]
SQL: SHOW COLUMNS FROM `admin_system_base` [ RunTime:0.0310s ]
SQL: SELECT * FROM `admin_system_base` WHERE `id` = 1 LIMIT 1   [ RunTime:0.0130s ]
SQL: SHOW COLUMNS FROM `admin_column_contact` [ RunTime:0.0280s ]
SQL: SELECT * FROM `admin_column_contact` WHERE `id` = 1 LIMIT 1   [ RunTime:0.0000s ]
SQL: SHOW COLUMNS FROM `admin_image` [ RunTime:0.0360s ]
NOTIC: [2] Invalid argument supplied for foreach() D:\xampp\htdocs\saide\ThinkPHP\Library\Think\Db\Driver.class.php 第 504 行.
SQL: SELECT * FROM `admin_image` LIMIT 1   [ RunTime:0.0010s ]
SQL: SHOW COLUMNS FROM `admin_feedback` [ RunTime:0.0500s ]
SQL: SELECT * FROM `admin_feedback` ORDER BY id desc  [ RunTime:0.0010s ]
SQL: SELECT * FROM `admin_image` WHERE `status` = 1 AND `page` = 2  [ RunTime:0.0010s ]
SQL: SELECT * FROM `admin_image` WHERE `status` = 1 AND `page` = 3 LIMIT 1   [ RunTime:0.0030s ]
INFO: [ view_parse ] --START--
INFO: [ template_filter ] --START--
INFO: Run Behavior\ContentReplaceBehavior [ RunTime:0.000000s ]
INFO: [ template_filter ] --END-- [ RunTime:0.000000s ]
INFO: Run Behavior\ParseTemplateBehavior [ RunTime:0.030001s ]
INFO: [ view_parse ] --END-- [ RunTime:0.030001s ]
INFO: [ view_filter ] --START--
INFO: Run Behavior\WriteHtmlCacheBehavior [ RunTime:0.006001s ]
INFO: [ view_filter ] --END-- [ RunTime:0.006001s ]
INFO: [ app_end ] --START--
INFO: Run Behavior\ShowPageTraceBehavior [ RunTime:0.004000s ]
INFO: [ app_end ] --END-- [ RunTime:0.004000s ]

[ 2017-11-10T16:18:42+08:00 ] ::1 /saide./
INFO: [ app_init ] --START--
INFO: Run Behavior\BuildLiteBehavior [ RunTime:0.000000s ]
INFO: [ app_init ] --END-- [ RunTime:0.001000s ]
INFO: [ app_begin ] --START--
INFO: Run Behavior\ReadHtmlCacheBehavior [ RunTime:0.001000s ]
INFO: [ app_begin ] --END-- [ RunTime:0.001000s ]
SQL: SHOW COLUMNS FROM `admin_column_class` [ RunTime:0.0130s ]
SQL: SELECT * FROM `admin_column_class` WHERE `pid` = 1  [ RunTime:0.0000s ]
SQL: SHOW COLUMNS FROM `admin_column_body` [ RunTime:0.0170s ]
SQL: SELECT admin_column_body. *,admin_column_class.class_title FROM `admin_column_body` INNER JOIN admin_column_class ON admin_column_class.id = admin_column_body.uid  WHERE admin_column_class.id = 2 ORDER BY id desc  [ RunTime:0.0010s ]
SQL: SELECT * FROM `admin_column_class` WHERE admin_column_class.id = 2 LIMIT 1   [ RunTime:0.0000s ]
SQL: SELECT * FROM `admin_column_class` WHERE `id` = 0  [ RunTime:0.0010s ]
SQL: SELECT COUNT(*) AS tp_count FROM `admin_column_body` WHERE `uid` = 0 LIMIT 1   [ RunTime:0.0000s ]
SQL: SELECT admin_column_body. *,admin_column_class.class_title FROM `admin_column_body` INNER JOIN admin_column_class ON admin_column_class.id = admin_column_body.uid  WHERE `uid` = '' LIMIT 0,10   [ RunTime:0.0010s ]
SQL: SHOW COLUMNS FROM `admin_system_url` [ RunTime:0.0160s ]
SQL: SELECT * FROM `admin_system_url`  [ RunTime:0.0000s ]
SQL: SHOW COLUMNS FROM `admin_system_base` [ RunTime:0.0140s ]
SQL: SELECT * FROM `admin_system_base` WHERE `id` = 1 LIMIT 1   [ RunTime:0.0000s ]
SQL: SHOW COLUMNS FROM `admin_column_contact` [ RunTime:0.0190s ]
SQL: SELECT * FROM `admin_column_contact` WHERE `id` = 1 LIMIT 1   [ RunTime:0.0010s ]
SQL: SHOW COLUMNS FROM `admin_image` [ RunTime:0.0170s ]
NOTIC: [2] Invalid argument supplied for foreach() D:\xampp\htdocs\saide\ThinkPHP\Library\Think\Db\Driver.class.php 第 504 行.
SQL: SELECT * FROM `admin_image` LIMIT 1   [ RunTime:0.0010s ]
SQL: SHOW COLUMNS FROM `admin_feedback` [ RunTime:0.0240s ]
SQL: SELECT * FROM `admin_feedback` ORDER BY id desc  [ RunTime:0.0010s ]
SQL: SELECT * FROM `admin_image` WHERE `status` = 1 AND `page` = 2  [ RunTime:0.0030s ]
SQL: SELECT * FROM `admin_image` WHERE `status` = 1 AND `page` = 3 LIMIT 1   [ RunTime:0.0010s ]
INFO: [ view_parse ] --START--
INFO: [ template_filter ] --START--
INFO: Run Behavior\ContentReplaceBehavior [ RunTime:0.001001s ]
INFO: [ template_filter ] --END-- [ RunTime:0.001001s ]
INFO: Run Behavior\ParseTemplateBehavior [ RunTime:0.020001s ]
INFO: [ view_parse ] --END-- [ RunTime:0.020001s ]
INFO: [ view_filter ] --START--
INFO: Run Behavior\WriteHtmlCacheBehavior [ RunTime:0.001000s ]
INFO: [ view_filter ] --END-- [ RunTime:0.001000s ]
INFO: [ app_end ] --START--
INFO: Run Behavior\ShowPageTraceBehavior [ RunTime:0.004000s ]
INFO: [ app_end ] --END-- [ RunTime:0.005000s ]

[ 2017-11-10T16:26:30+08:00 ] ::1 /saide./
INFO: [ app_init ] --START--
INFO: Run Behavior\BuildLiteBehavior [ RunTime:0.000000s ]
INFO: [ app_init ] --END-- [ RunTime:0.014000s ]
INFO: [ app_begin ] --START--
INFO: Run Behavior\ReadHtmlCacheBehavior [ RunTime:0.001001s ]
INFO: [ app_begin ] --END-- [ RunTime:0.001001s ]
SQL: SHOW COLUMNS FROM `admin_column_class` [ RunTime:0.0210s ]
SQL: SELECT * FROM `admin_column_class` WHERE `pid` = 1  [ RunTime:0.0010s ]
SQL: SHOW COLUMNS FROM `admin_column_body` [ RunTime:0.0340s ]
SQL: SELECT admin_column_body. *,admin_column_class.class_title FROM `admin_column_body` INNER JOIN admin_column_class ON admin_column_class.id = admin_column_body.uid  WHERE admin_column_class.id = 2 ORDER BY id desc  [ RunTime:0.0020s ]
SQL: SELECT * FROM `admin_column_class` WHERE admin_column_class.id = 2 LIMIT 1   [ RunTime:0.0010s ]
SQL: SELECT * FROM `admin_column_class` WHERE `id` = 0  [ RunTime:0.0000s ]
SQL: SELECT COUNT(*) AS tp_count FROM `admin_column_body` WHERE `uid` = 0 LIMIT 1   [ RunTime:0.0000s ]
SQL: SELECT admin_column_body. *,admin_column_class.class_title FROM `admin_column_body` INNER JOIN admin_column_class ON admin_column_class.id = admin_column_body.uid  WHERE `uid` = '' LIMIT 0,10   [ RunTime:0.0010s ]
SQL: SHOW COLUMNS FROM `admin_system_url` [ RunTime:0.0300s ]
SQL: SELECT * FROM `admin_system_url`  [ RunTime:0.0010s ]
SQL: SHOW COLUMNS FROM `admin_system_base` [ RunTime:0.0280s ]
SQL: SELECT * FROM `admin_system_base` WHERE `id` = 1 LIMIT 1   [ RunTime:0.0000s ]
SQL: SHOW COLUMNS FROM `admin_column_contact` [ RunTime:0.0130s ]
SQL: SELECT * FROM `admin_column_contact` WHERE `id` = 1 LIMIT 1   [ RunTime:0.0010s ]
SQL: SHOW COLUMNS FROM `admin_image` [ RunTime:0.0150s ]
NOTIC: [2] Invalid argument supplied for foreach() D:\xampp\htdocs\saide\ThinkPHP\Library\Think\Db\Driver.class.php 第 504 行.
SQL: SELECT * FROM `admin_image` LIMIT 1   [ RunTime:0.0010s ]
SQL: SHOW COLUMNS FROM `admin_feedback` [ RunTime:0.0160s ]
SQL: SELECT * FROM `admin_feedback` ORDER BY id desc  [ RunTime:0.0010s ]
SQL: SELECT * FROM `admin_image` WHERE `status` = 1 AND `page` = 2  [ RunTime:0.0000s ]
SQL: SELECT * FROM `admin_image` WHERE `status` = 1 AND `page` = 3 LIMIT 1   [ RunTime:0.0000s ]
INFO: [ view_parse ] --START--
INFO: [ template_filter ] --START--
INFO: Run Behavior\ContentReplaceBehavior [ RunTime:0.000000s ]
INFO: [ template_filter ] --END-- [ RunTime:0.001001s ]
INFO: Run Behavior\ParseTemplateBehavior [ RunTime:0.016001s ]
INFO: [ view_parse ] --END-- [ RunTime:0.016001s ]
INFO: [ view_filter ] --START--
INFO: Run Behavior\WriteHtmlCacheBehavior [ RunTime:0.000000s ]
INFO: [ view_filter ] --END-- [ RunTime:0.000000s ]
INFO: [ app_end ] --START--
INFO: Run Behavior\ShowPageTraceBehavior [ RunTime:0.000000s ]
INFO: [ app_end ] --END-- [ RunTime:0.000000s ]

[ 2017-11-10T16:27:15+08:00 ] ::1 /saide./
INFO: [ app_init ] --START--
INFO: Run Behavior\BuildLiteBehavior [ RunTime:0.000000s ]
INFO: [ app_init ] --END-- [ RunTime:0.001000s ]
INFO: [ app_begin ] --START--
INFO: Run Behavior\ReadHtmlCacheBehavior [ RunTime:0.000000s ]
INFO: [ app_begin ] --END-- [ RunTime:0.000000s ]
SQL: SHOW COLUMNS FROM `admin_column_class` [ RunTime:0.2010s ]
SQL: SELECT * FROM `admin_column_class` WHERE `pid` = 1  [ RunTime:0.0090s ]
SQL: SHOW COLUMNS FROM `admin_column_body` [ RunTime:0.0620s ]
SQL: SELECT admin_column_body. *,admin_column_class.class_title FROM `admin_column_body` INNER JOIN admin_column_class ON admin_column_class.id = admin_column_body.uid  WHERE admin_column_class.id = 2 ORDER BY id desc  [ RunTime:0.0010s ]
SQL: SELECT * FROM `admin_column_class` WHERE admin_column_class.id = 2 LIMIT 1   [ RunTime:0.0010s ]
SQL: SELECT * FROM `admin_column_class` WHERE `id` = 0  [ RunTime:0.0010s ]
SQL: SELECT COUNT(*) AS tp_count FROM `admin_column_body` WHERE `uid` = 0 LIMIT 1   [ RunTime:0.0010s ]
SQL: SELECT admin_column_body. *,admin_column_class.class_title FROM `admin_column_body` INNER JOIN admin_column_class ON admin_column_class.id = admin_column_body.uid  WHERE `uid` = '' LIMIT 0,10   [ RunTime:0.0000s ]
SQL: SHOW COLUMNS FROM `admin_system_url` [ RunTime:0.0400s ]
SQL: SELECT * FROM `admin_system_url`  [ RunTime:0.0010s ]
SQL: SHOW COLUMNS FROM `admin_system_base` [ RunTime:0.0400s ]
SQL: SELECT * FROM `admin_system_base` WHERE `id` = 1 LIMIT 1   [ RunTime:0.0010s ]
SQL: SHOW COLUMNS FROM `admin_column_contact` [ RunTime:0.0290s ]
SQL: SELECT * FROM `admin_column_contact` WHERE `id` = 1 LIMIT 1   [ RunTime:0.0000s ]
SQL: SHOW COLUMNS FROM `admin_image` [ RunTime:0.0300s ]
NOTIC: [2] Invalid argument supplied for foreach() D:\xampp\htdocs\saide\ThinkPHP\Library\Think\Db\Driver.class.php 第 504 行.
SQL: SELECT * FROM `admin_image` LIMIT 1   [ RunTime:0.0030s ]
SQL: SHOW COLUMNS FROM `admin_feedback` [ RunTime:0.0340s ]
SQL: SELECT * FROM `admin_feedback` ORDER BY id desc  [ RunTime:0.0010s ]
SQL: SELECT * FROM `admin_image` WHERE `status` = 1 AND `page` = 2  [ RunTime:0.0010s ]
SQL: SELECT * FROM `admin_image` WHERE `status` = 1 AND `page` = 3 LIMIT 1   [ RunTime:0.0010s ]
INFO: [ view_parse ] --START--
INFO: [ template_filter ] --START--
INFO: Run Behavior\ContentReplaceBehavior [ RunTime:0.001000s ]
INFO: [ template_filter ] --END-- [ RunTime:0.001000s ]
INFO: Run Behavior\ParseTemplateBehavior [ RunTime:0.041002s ]
INFO: [ view_parse ] --END-- [ RunTime:0.041002s ]
INFO: [ view_filter ] --START--
INFO: Run Behavior\WriteHtmlCacheBehavior [ RunTime:0.001001s ]
INFO: [ view_filter ] --END-- [ RunTime:0.001001s ]
INFO: [ app_end ] --START--
INFO: Run Behavior\ShowPageTraceBehavior [ RunTime:0.001000s ]
INFO: [ app_end ] --END-- [ RunTime:0.001000s ]

[ 2017-11-10T16:32:50+08:00 ] ::1 /saide./
INFO: [ app_init ] --START--
INFO: Run Behavior\BuildLiteBehavior [ RunTime:0.000000s ]
INFO: [ app_init ] --END-- [ RunTime:0.000000s ]
INFO: [ app_begin ] --START--
INFO: Run Behavior\ReadHtmlCacheBehavior [ RunTime:0.001000s ]
INFO: [ app_begin ] --END-- [ RunTime:0.001000s ]
SQL: SHOW COLUMNS FROM `admin_column_class` [ RunTime:0.0130s ]
SQL: SELECT * FROM `admin_column_class` WHERE `pid` = 1  [ RunTime:0.0010s ]
SQL: SHOW COLUMNS FROM `admin_column_body` [ RunTime:0.0210s ]
SQL: SELECT admin_column_body. *,admin_column_class.class_title FROM `admin_column_body` INNER JOIN admin_column_class ON admin_column_class.id = admin_column_body.uid  WHERE admin_column_class.id = 2 ORDER BY id desc  [ RunTime:0.0030s ]
SQL: SELECT * FROM `admin_column_class` WHERE admin_column_class.id = 2 LIMIT 1   [ RunTime:0.0010s ]
SQL: SELECT * FROM `admin_column_class` WHERE `id` = 0  [ RunTime:0.0340s ]
SQL: SELECT COUNT(*) AS tp_count FROM `admin_column_body` WHERE `uid` = 0 LIMIT 1   [ RunTime:0.0000s ]
SQL: SELECT admin_column_body. *,admin_column_class.class_title FROM `admin_column_body` INNER JOIN admin_column_class ON admin_column_class.id = admin_column_body.uid  WHERE `uid` = '' LIMIT 0,10   [ RunTime:0.0010s ]
SQL: SHOW COLUMNS FROM `admin_system_url` [ RunTime:0.0190s ]
SQL: SELECT * FROM `admin_system_url`  [ RunTime:0.0000s ]
SQL: SHOW COLUMNS FROM `admin_system_base` [ RunTime:0.0160s ]
SQL: SELECT * FROM `admin_system_base` WHERE `id` = 1 LIMIT 1   [ RunTime:0.0000s ]
SQL: SHOW COLUMNS FROM `admin_column_contact` [ RunTime:0.0170s ]
SQL: SELECT * FROM `admin_column_contact` WHERE `id` = 1 LIMIT 1   [ RunTime:0.0010s ]
SQL: SHOW COLUMNS FROM `admin_image` [ RunTime:0.0180s ]
NOTIC: [2] Invalid argument supplied for foreach() D:\xampp\htdocs\saide\ThinkPHP\Library\Think\Db\Driver.class.php 第 504 行.
SQL: SELECT * FROM `admin_image` LIMIT 1   [ RunTime:0.0050s ]
SQL: SHOW COLUMNS FROM `admin_feedback` [ RunTime:0.0130s ]
SQL: SELECT * FROM `admin_feedback` ORDER BY id desc  [ RunTime:0.0010s ]
SQL: SELECT * FROM `admin_image` WHERE `status` = 1 AND `page` = 2  [ RunTime:0.0000s ]
SQL: SELECT * FROM `admin_image` WHERE `status` = 1 AND `page` = 3 LIMIT 1   [ RunTime:0.0000s ]
INFO: [ view_parse ] --START--
INFO: [ template_filter ] --START--
INFO: Run Behavior\ContentReplaceBehavior [ RunTime:0.000000s ]
INFO: [ template_filter ] --END-- [ RunTime:0.000000s ]
INFO: Run Behavior\ParseTemplateBehavior [ RunTime:0.016001s ]
INFO: [ view_parse ] --END-- [ RunTime:0.016001s ]
INFO: [ view_filter ] --START--
INFO: Run Behavior\WriteHtmlCacheBehavior [ RunTime:0.000000s ]
INFO: [ view_filter ] --END-- [ RunTime:0.000000s ]
INFO: [ app_end ] --START--
INFO: Run Behavior\ShowPageTraceBehavior [ RunTime:0.001000s ]
INFO: [ app_end ] --END-- [ RunTime:0.001000s ]

[ 2017-11-10T16:32:53+08:00 ] ::1 /saide./
INFO: [ app_init ] --START--
INFO: Run Behavior\BuildLiteBehavior [ RunTime:0.000000s ]
INFO: [ app_init ] --END-- [ RunTime:0.001000s ]
INFO: [ app_begin ] --START--
INFO: Run Behavior\ReadHtmlCacheBehavior [ RunTime:0.000000s ]
INFO: [ app_begin ] --END-- [ RunTime:0.000000s ]
SQL: SHOW COLUMNS FROM `admin_column_class` [ RunTime:0.0290s ]
SQL: SELECT * FROM `admin_column_class` WHERE `pid` = 1  [ RunTime:0.0010s ]
SQL: SHOW COLUMNS FROM `admin_column_body` [ RunTime:0.0170s ]
SQL: SELECT admin_column_body. *,admin_column_class.class_title FROM `admin_column_body` INNER JOIN admin_column_class ON admin_column_class.id = admin_column_body.uid  WHERE admin_column_class.id = 2 ORDER BY id desc  [ RunTime:0.0010s ]
SQL: SELECT * FROM `admin_column_class` WHERE admin_column_class.id = 2 LIMIT 1   [ RunTime:0.0000s ]
SQL: SELECT * FROM `admin_column_class` WHERE `id` = 0  [ RunTime:0.0000s ]
SQL: SELECT COUNT(*) AS tp_count FROM `admin_column_body` WHERE `uid` = 0 LIMIT 1   [ RunTime:0.0000s ]
SQL: SELECT admin_column_body. *,admin_column_class.class_title FROM `admin_column_body` INNER JOIN admin_column_class ON admin_column_class.id = admin_column_body.uid  WHERE `uid` = '' LIMIT 0,10   [ RunTime:0.0010s ]
SQL: SHOW COLUMNS FROM `admin_system_url` [ RunTime:0.0130s ]
SQL: SELECT * FROM `admin_system_url`  [ RunTime:0.0010s ]
SQL: SHOW COLUMNS FROM `admin_system_base` [ RunTime:0.0230s ]
SQL: SELECT * FROM `admin_system_base` WHERE `id` = 1 LIMIT 1   [ RunTime:0.0000s ]
SQL: SHOW COLUMNS FROM `admin_column_contact` [ RunTime:0.0210s ]
SQL: SELECT * FROM `admin_column_contact` WHERE `id` = 1 LIMIT 1   [ RunTime:0.0010s ]
SQL: SHOW COLUMNS FROM `admin_image` [ RunTime:0.0220s ]
NOTIC: [2] Invalid argument supplied for foreach() D:\xampp\htdocs\saide\ThinkPHP\Library\Think\Db\Driver.class.php 第 504 行.
SQL: SELECT * FROM `admin_image` LIMIT 1   [ RunTime:0.0000s ]
SQL: SHOW COLUMNS FROM `admin_feedback` [ RunTime:0.0170s ]
SQL: SELECT * FROM `admin_feedback` ORDER BY id desc  [ RunTime:0.0010s ]
SQL: SELECT * FROM `admin_image` WHERE `status` = 1 AND `page` = 2  [ RunTime:0.0000s ]
SQL: SELECT * FROM `admin_image` WHERE `status` = 1 AND `page` = 3 LIMIT 1   [ RunTime:0.0000s ]
INFO: [ view_parse ] --START--
INFO: [ template_filter ] --START--
INFO: Run Behavior\ContentReplaceBehavior [ RunTime:0.000000s ]
INFO: [ template_filter ] --END-- [ RunTime:0.000000s ]
INFO: Run Behavior\ParseTemplateBehavior [ RunTime:0.018002s ]
INFO: [ view_parse ] --END-- [ RunTime:0.019002s ]
INFO: [ view_filter ] --START--
INFO: Run Behavior\WriteHtmlCacheBehavior [ RunTime:0.001000s ]
INFO: [ view_filter ] --END-- [ RunTime:0.001000s ]
INFO: [ app_end ] --START--
INFO: Run Behavior\ShowPageTraceBehavior [ RunTime:0.003000s ]
INFO: [ app_end ] --END-- [ RunTime:0.003000s ]

[ 2017-11-10T16:34:45+08:00 ] ::1 /saide./
INFO: [ app_init ] --START--
INFO: Run Behavior\BuildLiteBehavior [ RunTime:0.000000s ]
INFO: [ app_init ] --END-- [ RunTime:0.001000s ]
INFO: [ app_begin ] --START--
INFO: Run Behavior\ReadHtmlCacheBehavior [ RunTime:0.000000s ]
INFO: [ app_begin ] --END-- [ RunTime:0.000000s ]
SQL: SHOW COLUMNS FROM `admin_column_class` [ RunTime:0.0130s ]
SQL: SELECT * FROM `admin_column_class` WHERE `pid` = 1  [ RunTime:0.0010s ]
SQL: SHOW COLUMNS FROM `admin_column_body` [ RunTime:0.0160s ]
SQL: SELECT admin_column_body. *,admin_column_class.class_title FROM `admin_column_body` INNER JOIN admin_column_class ON admin_column_class.id = admin_column_body.uid  WHERE admin_column_class.id = 2 ORDER BY id desc  [ RunTime:0.0000s ]
SQL: SELECT * FROM `admin_column_class` WHERE admin_column_class.id = 2 LIMIT 1   [ RunTime:0.0000s ]
SQL: SELECT * FROM `admin_column_class` WHERE `id` = 0  [ RunTime:0.0010s ]
SQL: SELECT COUNT(*) AS tp_count FROM `admin_column_body` WHERE `uid` = 0 LIMIT 1   [ RunTime:0.0000s ]
SQL: SELECT admin_column_body. *,admin_column_class.class_title FROM `admin_column_body` INNER JOIN admin_column_class ON admin_column_class.id = admin_column_body.uid  WHERE `uid` = '' LIMIT 0,10   [ RunTime:0.0010s ]
SQL: SHOW COLUMNS FROM `admin_system_url` [ RunTime:0.0200s ]
SQL: SELECT * FROM `admin_system_url`  [ RunTime:0.0030s ]
SQL: SHOW COLUMNS FROM `admin_system_base` [ RunTime:0.0140s ]
SQL: SELECT * FROM `admin_system_base` WHERE `id` = 1 LIMIT 1   [ RunTime:0.0010s ]
SQL: SHOW COLUMNS FROM `admin_column_contact` [ RunTime:0.0170s ]
SQL: SELECT * FROM `admin_column_contact` WHERE `id` = 1 LIMIT 1   [ RunTime:0.0000s ]
SQL: SHOW COLUMNS FROM `admin_image` [ RunTime:0.0120s ]
NOTIC: [2] Invalid argument supplied for foreach() D:\xampp\htdocs\saide\ThinkPHP\Library\Think\Db\Driver.class.php 第 504 行.
SQL: SELECT * FROM `admin_image` LIMIT 1   [ RunTime:0.0000s ]
SQL: SHOW COLUMNS FROM `admin_feedback` [ RunTime:0.0130s ]
SQL: SELECT * FROM `admin_feedback` ORDER BY id desc  [ RunTime:0.0010s ]
SQL: SELECT * FROM `admin_image` WHERE `status` = 1 AND `page` = 2  [ RunTime:0.0000s ]
SQL: SELECT * FROM `admin_image` WHERE `status` = 1 AND `page` = 3 LIMIT 1   [ RunTime:0.0000s ]
INFO: [ view_parse ] --START--
INFO: [ template_filter ] --START--
INFO: Run Behavior\ContentReplaceBehavior [ RunTime:0.000000s ]
INFO: [ template_filter ] --END-- [ RunTime:0.000000s ]
INFO: Run Behavior\ParseTemplateBehavior [ RunTime:0.015001s ]
INFO: [ view_parse ] --END-- [ RunTime:0.015001s ]
INFO: [ view_filter ] --START--
INFO: Run Behavior\WriteHtmlCacheBehavior [ RunTime:0.000000s ]
INFO: [ view_filter ] --END-- [ RunTime:0.000000s ]
INFO: [ app_end ] --START--
INFO: Run Behavior\ShowPageTraceBehavior [ RunTime:0.001000s ]
INFO: [ app_end ] --END-- [ RunTime:0.001000s ]

[ 2017-11-10T16:34:49+08:00 ] ::1 /saide./
INFO: [ app_init ] --START--
INFO: Run Behavior\BuildLiteBehavior [ RunTime:0.000000s ]
INFO: [ app_init ] --END-- [ RunTime:0.000000s ]
INFO: [ app_begin ] --START--
INFO: Run Behavior\ReadHtmlCacheBehavior [ RunTime:0.001000s ]
INFO: [ app_begin ] --END-- [ RunTime:0.001000s ]
SQL: SHOW COLUMNS FROM `admin_column_class` [ RunTime:0.0220s ]
SQL: SELECT * FROM `admin_column_class` WHERE `pid` = 1  [ RunTime:0.0020s ]
SQL: SHOW COLUMNS FROM `admin_column_body` [ RunTime:0.0170s ]
SQL: SELECT admin_column_body. *,admin_column_class.class_title FROM `admin_column_body` INNER JOIN admin_column_class ON admin_column_class.id = admin_column_body.uid  WHERE admin_column_class.id = 2 ORDER BY id desc  [ RunTime:0.0010s ]
SQL: SELECT * FROM `admin_column_class` WHERE admin_column_class.id = 2 LIMIT 1   [ RunTime:0.0000s ]
SQL: SELECT * FROM `admin_column_class` WHERE `id` = 0  [ RunTime:0.0010s ]
SQL: SELECT COUNT(*) AS tp_count FROM `admin_column_body` WHERE `uid` = 0 LIMIT 1   [ RunTime:0.0000s ]
SQL: SELECT admin_column_body. *,admin_column_class.class_title FROM `admin_column_body` INNER JOIN admin_column_class ON admin_column_class.id = admin_column_body.uid  WHERE `uid` = '' LIMIT 0,10   [ RunTime:0.0010s ]
SQL: SHOW COLUMNS FROM `admin_system_url` [ RunTime:0.0160s ]
SQL: SELECT * FROM `admin_system_url`  [ RunTime:0.0000s ]
SQL: SHOW COLUMNS FROM `admin_system_base` [ RunTime:0.0220s ]
SQL: SELECT * FROM `admin_system_base` WHERE `id` = 1 LIMIT 1   [ RunTime:0.0010s ]
SQL: SHOW COLUMNS FROM `admin_column_contact` [ RunTime:0.0190s ]
SQL: SELECT * FROM `admin_column_contact` WHERE `id` = 1 LIMIT 1   [ RunTime:0.0000s ]
SQL: SHOW COLUMNS FROM `admin_image` [ RunTime:0.0170s ]
NOTIC: [2] Invalid argument supplied for foreach() D:\xampp\htdocs\saide\ThinkPHP\Library\Think\Db\Driver.class.php 第 504 行.
SQL: SELECT * FROM `admin_image` LIMIT 1   [ RunTime:0.0000s ]
SQL: SHOW COLUMNS FROM `admin_feedback` [ RunTime:0.0190s ]
SQL: SELECT * FROM `admin_feedback` ORDER BY id desc  [ RunTime:0.0010s ]
SQL: SELECT * FROM `admin_image` WHERE `status` = 1 AND `page` = 2  [ RunTime:0.0010s ]
SQL: SELECT * FROM `admin_image` WHERE `status` = 1 AND `page` = 3 LIMIT 1   [ RunTime:0.0000s ]
INFO: [ view_parse ] --START--
INFO: [ template_filter ] --START--
INFO: Run Behavior\ContentReplaceBehavior [ RunTime:0.001000s ]
INFO: [ template_filter ] --END-- [ RunTime:0.001000s ]
INFO: Run Behavior\ParseTemplateBehavior [ RunTime:0.046003s ]
INFO: [ view_parse ] --END-- [ RunTime:0.046003s ]
INFO: [ view_filter ] --START--
INFO: Run Behavior\WriteHtmlCacheBehavior [ RunTime:0.002000s ]
INFO: [ view_filter ] --END-- [ RunTime:0.002000s ]
INFO: [ app_end ] --START--
INFO: Run Behavior\ShowPageTraceBehavior [ RunTime:0.000000s ]
INFO: [ app_end ] --END-- [ RunTime:0.000000s ]

[ 2017-11-10T16:34:51+08:00 ] ::1 /saide./
INFO: [ app_init ] --START--
INFO: Run Behavior\BuildLiteBehavior [ RunTime:0.000000s ]
INFO: [ app_init ] --END-- [ RunTime:0.000000s ]
INFO: [ app_begin ] --START--
INFO: Run Behavior\ReadHtmlCacheBehavior [ RunTime:0.000000s ]
INFO: [ app_begin ] --END-- [ RunTime:0.000000s ]
SQL: SHOW COLUMNS FROM `admin_column_class` [ RunTime:0.0200s ]
SQL: SELECT * FROM `admin_column_class` WHERE `pid` = 1  [ RunTime:0.0040s ]
SQL: SHOW COLUMNS FROM `admin_column_body` [ RunTime:0.0140s ]
SQL: SELECT admin_column_body. *,admin_column_class.class_title FROM `admin_column_body` INNER JOIN admin_column_class ON admin_column_class.id = admin_column_body.uid  WHERE admin_column_class.id = 2 ORDER BY id desc  [ RunTime:0.0010s ]
SQL: SELECT * FROM `admin_column_class` WHERE admin_column_class.id = 2 LIMIT 1   [ RunTime:0.0010s ]
SQL: SELECT * FROM `admin_column_class` WHERE `id` = 0  [ RunTime:0.0000s ]
SQL: SELECT COUNT(*) AS tp_count FROM `admin_column_body` WHERE `uid` = 0 LIMIT 1   [ RunTime:0.0010s ]
SQL: SELECT admin_column_body. *,admin_column_class.class_title FROM `admin_column_body` INNER JOIN admin_column_class ON admin_column_class.id = admin_column_body.uid  WHERE `uid` = '' LIMIT 0,10   [ RunTime:0.0010s ]
SQL: SHOW COLUMNS FROM `admin_system_url` [ RunTime:0.0190s ]
SQL: SELECT * FROM `admin_system_url`  [ RunTime:0.0020s ]
SQL: SHOW COLUMNS FROM `admin_system_base` [ RunTime:0.0140s ]
SQL: SELECT * FROM `admin_system_base` WHERE `id` = 1 LIMIT 1   [ RunTime:0.0010s ]
SQL: SHOW COLUMNS FROM `admin_column_contact` [ RunTime:0.0130s ]
SQL: SELECT * FROM `admin_column_contact` WHERE `id` = 1 LIMIT 1   [ RunTime:0.0000s ]
SQL: SHOW COLUMNS FROM `admin_image` [ RunTime:0.0120s ]
NOTIC: [2] Invalid argument supplied for foreach() D:\xampp\htdocs\saide\ThinkPHP\Library\Think\Db\Driver.class.php 第 504 行.
SQL: SELECT * FROM `admin_image` LIMIT 1   [ RunTime:0.0000s ]
SQL: SHOW COLUMNS FROM `admin_feedback` [ RunTime:0.0120s ]
SQL: SELECT * FROM `admin_feedback` ORDER BY id desc  [ RunTime:0.0010s ]
SQL: SELECT * FROM `admin_image` WHERE `status` = 1 AND `page` = 2  [ RunTime:0.0010s ]
SQL: SELECT * FROM `admin_image` WHERE `status` = 1 AND `page` = 3 LIMIT 1   [ RunTime:0.0000s ]
INFO: [ view_parse ] --START--
INFO: [ template_filter ] --START--
INFO: Run Behavior\ContentReplaceBehavior [ RunTime:0.000000s ]
INFO: [ template_filter ] --END-- [ RunTime:0.000000s ]
INFO: Run Behavior\ParseTemplateBehavior [ RunTime:0.017001s ]
INFO: [ view_parse ] --END-- [ RunTime:0.017001s ]
INFO: [ view_filter ] --START--
INFO: Run Behavior\WriteHtmlCacheBehavior [ RunTime:0.001000s ]
INFO: [ view_filter ] --END-- [ RunTime:0.001000s ]
INFO: [ app_end ] --START--
INFO: Run Behavior\ShowPageTraceBehavior [ RunTime:0.001000s ]
INFO: [ app_end ] --END-- [ RunTime:0.001000s ]

[ 2017-11-10T16:34:55+08:00 ] ::1 /saide./
INFO: [ app_init ] --START--
INFO: Run Behavior\BuildLiteBehavior [ RunTime:0.000000s ]
INFO: [ app_init ] --END-- [ RunTime:0.001000s ]
INFO: [ app_begin ] --START--
INFO: Run Behavior\ReadHtmlCacheBehavior [ RunTime:0.000000s ]
INFO: [ app_begin ] --END-- [ RunTime:0.000000s ]
SQL: SHOW COLUMNS FROM `admin_column_class` [ RunTime:0.0180s ]
SQL: SELECT * FROM `admin_column_class` WHERE `pid` = 1  [ RunTime:0.0000s ]
SQL: SHOW COLUMNS FROM `admin_column_body` [ RunTime:0.0160s ]
SQL: SELECT admin_column_body. *,admin_column_class.class_title FROM `admin_column_body` INNER JOIN admin_column_class ON admin_column_class.id = admin_column_body.uid  WHERE admin_column_class.id = 2 ORDER BY id desc  [ RunTime:0.0010s ]
SQL: SELECT * FROM `admin_column_class` WHERE admin_column_class.id = 2 LIMIT 1   [ RunTime:0.0010s ]
SQL: SELECT * FROM `admin_column_class` WHERE `id` = 0  [ RunTime:0.0000s ]
SQL: SELECT COUNT(*) AS tp_count FROM `admin_column_body` WHERE `uid` = 0 LIMIT 1   [ RunTime:0.0010s ]
SQL: SELECT admin_column_body. *,admin_column_class.class_title FROM `admin_column_body` INNER JOIN admin_column_class ON admin_column_class.id = admin_column_body.uid  WHERE `uid` = '' LIMIT 0,10   [ RunTime:0.0000s ]
SQL: SHOW COLUMNS FROM `admin_system_url` [ RunTime:0.0110s ]
SQL: SELECT * FROM `admin_system_url`  [ RunTime:0.0000s ]
SQL: SHOW COLUMNS FROM `admin_system_base` [ RunTime:0.0190s ]
SQL: SELECT * FROM `admin_system_base` WHERE `id` = 1 LIMIT 1   [ RunTime:0.0000s ]
SQL: SHOW COLUMNS FROM `admin_column_contact` [ RunTime:0.0150s ]
SQL: SELECT * FROM `admin_column_contact` WHERE `id` = 1 LIMIT 1   [ RunTime:0.0000s ]
SQL: SHOW COLUMNS FROM `admin_image` [ RunTime:0.0170s ]
NOTIC: [2] Invalid argument supplied for foreach() D:\xampp\htdocs\saide\ThinkPHP\Library\Think\Db\Driver.class.php 第 504 行.
SQL: SELECT * FROM `admin_image` LIMIT 1   [ RunTime:0.0000s ]
SQL: SHOW COLUMNS FROM `admin_feedback` [ RunTime:0.0210s ]
SQL: SELECT * FROM `admin_feedback` ORDER BY id desc  [ RunTime:0.0040s ]
SQL: SELECT * FROM `admin_image` WHERE `status` = 1 AND `page` = 2  [ RunTime:0.0000s ]
SQL: SELECT * FROM `admin_image` WHERE `status` = 1 AND `page` = 3 LIMIT 1   [ RunTime:0.0000s ]
INFO: [ view_parse ] --START--
INFO: [ template_filter ] --START--
INFO: Run Behavior\ContentReplaceBehavior [ RunTime:0.001000s ]
INFO: [ template_filter ] --END-- [ RunTime:0.001000s ]
INFO: Run Behavior\ParseTemplateBehavior [ RunTime:0.019001s ]
INFO: [ view_parse ] --END-- [ RunTime:0.019001s ]
INFO: [ view_filter ] --START--
INFO: Run Behavior\WriteHtmlCacheBehavior [ RunTime:0.000000s ]
INFO: [ view_filter ] --END-- [ RunTime:0.000000s ]
INFO: [ app_end ] --START--
INFO: Run Behavior\ShowPageTraceBehavior [ RunTime:0.001000s ]
INFO: [ app_end ] --END-- [ RunTime:0.001000s ]

[ 2017-11-10T16:34:58+08:00 ] ::1 /saide./
INFO: [ app_init ] --START--
INFO: Run Behavior\BuildLiteBehavior [ RunTime:0.000000s ]
INFO: [ app_init ] --END-- [ RunTime:0.001001s ]
INFO: [ app_begin ] --START--
INFO: Run Behavior\ReadHtmlCacheBehavior [ RunTime:0.000000s ]
INFO: [ app_begin ] --END-- [ RunTime:0.000000s ]
SQL: SHOW COLUMNS FROM `admin_column_class` [ RunTime:0.0150s ]
SQL: SELECT * FROM `admin_column_class` WHERE `pid` = 1  [ RunTime:0.0000s ]
SQL: SHOW COLUMNS FROM `admin_column_body` [ RunTime:0.0130s ]
SQL: SELECT admin_column_body. *,admin_column_class.class_title FROM `admin_column_body` INNER JOIN admin_column_class ON admin_column_class.id = admin_column_body.uid  WHERE admin_column_class.id = 2 ORDER BY id desc  [ RunTime:0.0010s ]
SQL: SELECT * FROM `admin_column_class` WHERE admin_column_class.id = 2 LIMIT 1   [ RunTime:0.0000s ]
SQL: SELECT * FROM `admin_column_class` WHERE `id` = 0  [ RunTime:0.0000s ]
SQL: SELECT COUNT(*) AS tp_count FROM `admin_column_body` WHERE `uid` = 0 LIMIT 1   [ RunTime:0.0010s ]
SQL: SELECT admin_column_body. *,admin_column_class.class_title FROM `admin_column_body` INNER JOIN admin_column_class ON admin_column_class.id = admin_column_body.uid  WHERE `uid` = '' LIMIT 0,10   [ RunTime:0.0000s ]
SQL: SHOW COLUMNS FROM `admin_system_url` [ RunTime:0.0130s ]
SQL: SELECT * FROM `admin_system_url`  [ RunTime:0.0000s ]
SQL: SHOW COLUMNS FROM `admin_system_base` [ RunTime:0.0150s ]
SQL: SELECT * FROM `admin_system_base` WHERE `id` = 1 LIMIT 1   [ RunTime:0.0000s ]
SQL: SHOW COLUMNS FROM `admin_column_contact` [ RunTime:0.0110s ]
SQL: SELECT * FROM `admin_column_contact` WHERE `id` = 1 LIMIT 1   [ RunTime:0.0010s ]
SQL: SHOW COLUMNS FROM `admin_image` [ RunTime:0.0120s ]
NOTIC: [2] Invalid argument supplied for foreach() D:\xampp\htdocs\saide\ThinkPHP\Library\Think\Db\Driver.class.php 第 504 行.
SQL: SELECT * FROM `admin_image` LIMIT 1   [ RunTime:0.0000s ]
SQL: SHOW COLUMNS FROM `admin_feedback` [ RunTime:0.0130s ]
SQL: SELECT * FROM `admin_feedback` ORDER BY id desc  [ RunTime:0.0000s ]
SQL: SELECT * FROM `admin_image` WHERE `status` = 1 AND `page` = 2  [ RunTime:0.0000s ]
SQL: SELECT * FROM `admin_image` WHERE `status` = 1 AND `page` = 3 LIMIT 1   [ RunTime:0.0000s ]
INFO: [ view_parse ] --START--
INFO: [ template_filter ] --START--
INFO: Run Behavior\ContentReplaceBehavior [ RunTime:0.000000s ]
INFO: [ template_filter ] --END-- [ RunTime:0.000000s ]
INFO: Run Behavior\ParseTemplateBehavior [ RunTime:0.015001s ]
INFO: [ view_parse ] --END-- [ RunTime:0.015001s ]
INFO: [ view_filter ] --START--
INFO: Run Behavior\WriteHtmlCacheBehavior [ RunTime:0.000000s ]
INFO: [ view_filter ] --END-- [ RunTime:0.000000s ]
INFO: [ app_end ] --START--
INFO: Run Behavior\ShowPageTraceBehavior [ RunTime:0.000000s ]
INFO: [ app_end ] --END-- [ RunTime:0.000000s ]

